[2023-04-01T21:06:08.072+0000] {processor.py:153} INFO - Started process (PID=66) to work on /home/airflow/.local/lib/python3.7/site-packages/airflow/example_dags/example_latest_only.py
[2023-04-01T21:06:08.074+0000] {processor.py:743} INFO - Processing file /home/airflow/.local/lib/python3.7/site-packages/airflow/example_dags/example_latest_only.py for tasks to queue
[2023-04-01T21:06:08.075+0000] {logging_mixin.py:137} INFO - [2023-04-01T21:06:08.075+0000] {dagbag.py:532} INFO - Filling up the DagBag from /home/airflow/.local/lib/python3.7/site-packages/airflow/example_dags/example_latest_only.py
[2023-04-01T21:06:08.178+0000] {processor.py:753} INFO - DAG(s) dict_keys(['latest_only']) retrieved from /home/airflow/.local/lib/python3.7/site-packages/airflow/example_dags/example_latest_only.py
[2023-04-01T21:06:08.360+0000] {logging_mixin.py:137} INFO - [2023-04-01T21:06:08.359+0000] {dag.py:2705} INFO - Sync 1 DAGs
[2023-04-01T21:06:08.572+0000] {logging_mixin.py:137} INFO - [2023-04-01T21:06:08.572+0000] {dag.py:3456} INFO - Setting next_dagrun for latest_only to 2023-04-01T17:06:08.572141+00:00, run_after=2023-04-01T21:06:08.572141+00:00
[2023-04-01T21:06:08.707+0000] {processor.py:175} INFO - Processing /home/airflow/.local/lib/python3.7/site-packages/airflow/example_dags/example_latest_only.py took 0.659 seconds
[2023-04-01T21:06:39.671+0000] {processor.py:153} INFO - Started process (PID=116) to work on /home/airflow/.local/lib/python3.7/site-packages/airflow/example_dags/example_latest_only.py
[2023-04-01T21:06:39.679+0000] {processor.py:743} INFO - Processing file /home/airflow/.local/lib/python3.7/site-packages/airflow/example_dags/example_latest_only.py for tasks to queue
[2023-04-01T21:06:39.680+0000] {logging_mixin.py:137} INFO - [2023-04-01T21:06:39.680+0000] {dagbag.py:532} INFO - Filling up the DagBag from /home/airflow/.local/lib/python3.7/site-packages/airflow/example_dags/example_latest_only.py
[2023-04-01T21:06:39.708+0000] {processor.py:753} INFO - DAG(s) dict_keys(['latest_only']) retrieved from /home/airflow/.local/lib/python3.7/site-packages/airflow/example_dags/example_latest_only.py
[2023-04-01T21:06:39.762+0000] {logging_mixin.py:137} INFO - [2023-04-01T21:06:39.761+0000] {dag.py:2705} INFO - Sync 1 DAGs
[2023-04-01T21:06:39.820+0000] {logging_mixin.py:137} INFO - [2023-04-01T21:06:39.819+0000] {dag.py:3456} INFO - Setting next_dagrun for latest_only to 2023-04-01T17:06:39.819384+00:00, run_after=2023-04-01T21:06:39.819384+00:00
[2023-04-01T21:06:39.857+0000] {processor.py:175} INFO - Processing /home/airflow/.local/lib/python3.7/site-packages/airflow/example_dags/example_latest_only.py took 0.192 seconds
[2023-04-01T21:07:10.115+0000] {processor.py:153} INFO - Started process (PID=168) to work on /home/airflow/.local/lib/python3.7/site-packages/airflow/example_dags/example_latest_only.py
[2023-04-01T21:07:10.123+0000] {processor.py:743} INFO - Processing file /home/airflow/.local/lib/python3.7/site-packages/airflow/example_dags/example_latest_only.py for tasks to queue
[2023-04-01T21:07:10.125+0000] {logging_mixin.py:137} INFO - [2023-04-01T21:07:10.124+0000] {dagbag.py:532} INFO - Filling up the DagBag from /home/airflow/.local/lib/python3.7/site-packages/airflow/example_dags/example_latest_only.py
[2023-04-01T21:07:10.152+0000] {processor.py:753} INFO - DAG(s) dict_keys(['latest_only']) retrieved from /home/airflow/.local/lib/python3.7/site-packages/airflow/example_dags/example_latest_only.py
[2023-04-01T21:07:10.205+0000] {logging_mixin.py:137} INFO - [2023-04-01T21:07:10.205+0000] {dag.py:2705} INFO - Sync 1 DAGs
[2023-04-01T21:07:10.279+0000] {logging_mixin.py:137} INFO - [2023-04-01T21:07:10.279+0000] {dag.py:3456} INFO - Setting next_dagrun for latest_only to 2023-04-01T17:07:10.279200+00:00, run_after=2023-04-01T21:07:10.279200+00:00
[2023-04-01T21:07:10.314+0000] {processor.py:175} INFO - Processing /home/airflow/.local/lib/python3.7/site-packages/airflow/example_dags/example_latest_only.py took 0.207 seconds
[2023-04-01T21:07:40.517+0000] {processor.py:153} INFO - Started process (PID=219) to work on /home/airflow/.local/lib/python3.7/site-packages/airflow/example_dags/example_latest_only.py
[2023-04-01T21:07:40.519+0000] {processor.py:743} INFO - Processing file /home/airflow/.local/lib/python3.7/site-packages/airflow/example_dags/example_latest_only.py for tasks to queue
[2023-04-01T21:07:40.520+0000] {logging_mixin.py:137} INFO - [2023-04-01T21:07:40.520+0000] {dagbag.py:532} INFO - Filling up the DagBag from /home/airflow/.local/lib/python3.7/site-packages/airflow/example_dags/example_latest_only.py
[2023-04-01T21:07:40.577+0000] {processor.py:753} INFO - DAG(s) dict_keys(['latest_only']) retrieved from /home/airflow/.local/lib/python3.7/site-packages/airflow/example_dags/example_latest_only.py
[2023-04-01T21:07:40.659+0000] {logging_mixin.py:137} INFO - [2023-04-01T21:07:40.658+0000] {dag.py:2705} INFO - Sync 1 DAGs
[2023-04-01T21:07:40.744+0000] {logging_mixin.py:137} INFO - [2023-04-01T21:07:40.740+0000] {dag.py:3456} INFO - Setting next_dagrun for latest_only to 2023-04-01T17:07:40.735576+00:00, run_after=2023-04-01T21:07:40.735576+00:00
[2023-04-01T21:07:40.811+0000] {processor.py:175} INFO - Processing /home/airflow/.local/lib/python3.7/site-packages/airflow/example_dags/example_latest_only.py took 0.304 seconds
