[2023-04-01T21:06:03.986+0000] {processor.py:153} INFO - Started process (PID=56) to work on /home/airflow/.local/lib/python3.7/site-packages/airflow/example_dags/example_short_circuit_operator.py
[2023-04-01T21:06:03.998+0000] {processor.py:743} INFO - Processing file /home/airflow/.local/lib/python3.7/site-packages/airflow/example_dags/example_short_circuit_operator.py for tasks to queue
[2023-04-01T21:06:04.037+0000] {logging_mixin.py:137} INFO - [2023-04-01T21:06:04.036+0000] {dagbag.py:532} INFO - Filling up the DagBag from /home/airflow/.local/lib/python3.7/site-packages/airflow/example_dags/example_short_circuit_operator.py
[2023-04-01T21:06:04.183+0000] {processor.py:753} INFO - DAG(s) dict_keys(['example_short_circuit_operator']) retrieved from /home/airflow/.local/lib/python3.7/site-packages/airflow/example_dags/example_short_circuit_operator.py
[2023-04-01T21:06:04.340+0000] {logging_mixin.py:137} INFO - [2023-04-01T21:06:04.339+0000] {dag.py:2705} INFO - Sync 1 DAGs
[2023-04-01T21:06:04.472+0000] {logging_mixin.py:137} INFO - [2023-04-01T21:06:04.471+0000] {dag.py:3456} INFO - Setting next_dagrun for example_short_circuit_operator to 2023-03-31T21:06:04.471150+00:00, run_after=2023-04-01T21:06:04.471150+00:00
[2023-04-01T21:06:04.607+0000] {processor.py:175} INFO - Processing /home/airflow/.local/lib/python3.7/site-packages/airflow/example_dags/example_short_circuit_operator.py took 0.659 seconds
[2023-04-01T21:06:35.446+0000] {processor.py:153} INFO - Started process (PID=106) to work on /home/airflow/.local/lib/python3.7/site-packages/airflow/example_dags/example_short_circuit_operator.py
[2023-04-01T21:06:35.449+0000] {processor.py:743} INFO - Processing file /home/airflow/.local/lib/python3.7/site-packages/airflow/example_dags/example_short_circuit_operator.py for tasks to queue
[2023-04-01T21:06:35.450+0000] {logging_mixin.py:137} INFO - [2023-04-01T21:06:35.450+0000] {dagbag.py:532} INFO - Filling up the DagBag from /home/airflow/.local/lib/python3.7/site-packages/airflow/example_dags/example_short_circuit_operator.py
[2023-04-01T21:06:35.485+0000] {processor.py:753} INFO - DAG(s) dict_keys(['example_short_circuit_operator']) retrieved from /home/airflow/.local/lib/python3.7/site-packages/airflow/example_dags/example_short_circuit_operator.py
[2023-04-01T21:06:35.551+0000] {logging_mixin.py:137} INFO - [2023-04-01T21:06:35.551+0000] {dag.py:2705} INFO - Sync 1 DAGs
[2023-04-01T21:06:35.607+0000] {logging_mixin.py:137} INFO - [2023-04-01T21:06:35.607+0000] {dag.py:3456} INFO - Setting next_dagrun for example_short_circuit_operator to 2023-03-31T21:06:35.606860+00:00, run_after=2023-04-01T21:06:35.606860+00:00
[2023-04-01T21:06:35.644+0000] {processor.py:175} INFO - Processing /home/airflow/.local/lib/python3.7/site-packages/airflow/example_dags/example_short_circuit_operator.py took 0.205 seconds
[2023-04-01T21:07:05.831+0000] {processor.py:153} INFO - Started process (PID=158) to work on /home/airflow/.local/lib/python3.7/site-packages/airflow/example_dags/example_short_circuit_operator.py
[2023-04-01T21:07:05.833+0000] {processor.py:743} INFO - Processing file /home/airflow/.local/lib/python3.7/site-packages/airflow/example_dags/example_short_circuit_operator.py for tasks to queue
[2023-04-01T21:07:05.834+0000] {logging_mixin.py:137} INFO - [2023-04-01T21:07:05.834+0000] {dagbag.py:532} INFO - Filling up the DagBag from /home/airflow/.local/lib/python3.7/site-packages/airflow/example_dags/example_short_circuit_operator.py
[2023-04-01T21:07:05.883+0000] {processor.py:753} INFO - DAG(s) dict_keys(['example_short_circuit_operator']) retrieved from /home/airflow/.local/lib/python3.7/site-packages/airflow/example_dags/example_short_circuit_operator.py
[2023-04-01T21:07:05.946+0000] {logging_mixin.py:137} INFO - [2023-04-01T21:07:05.945+0000] {dag.py:2705} INFO - Sync 1 DAGs
[2023-04-01T21:07:06.007+0000] {logging_mixin.py:137} INFO - [2023-04-01T21:07:06.007+0000] {dag.py:3456} INFO - Setting next_dagrun for example_short_circuit_operator to 2023-03-31T21:07:06.007164+00:00, run_after=2023-04-01T21:07:06.007164+00:00
[2023-04-01T21:07:06.042+0000] {processor.py:175} INFO - Processing /home/airflow/.local/lib/python3.7/site-packages/airflow/example_dags/example_short_circuit_operator.py took 0.219 seconds
[2023-04-01T21:07:36.364+0000] {processor.py:153} INFO - Started process (PID=209) to work on /home/airflow/.local/lib/python3.7/site-packages/airflow/example_dags/example_short_circuit_operator.py
[2023-04-01T21:07:36.366+0000] {processor.py:743} INFO - Processing file /home/airflow/.local/lib/python3.7/site-packages/airflow/example_dags/example_short_circuit_operator.py for tasks to queue
[2023-04-01T21:07:36.367+0000] {logging_mixin.py:137} INFO - [2023-04-01T21:07:36.367+0000] {dagbag.py:532} INFO - Filling up the DagBag from /home/airflow/.local/lib/python3.7/site-packages/airflow/example_dags/example_short_circuit_operator.py
[2023-04-01T21:07:36.403+0000] {processor.py:753} INFO - DAG(s) dict_keys(['example_short_circuit_operator']) retrieved from /home/airflow/.local/lib/python3.7/site-packages/airflow/example_dags/example_short_circuit_operator.py
[2023-04-01T21:07:36.462+0000] {logging_mixin.py:137} INFO - [2023-04-01T21:07:36.462+0000] {dag.py:2705} INFO - Sync 1 DAGs
[2023-04-01T21:07:36.525+0000] {logging_mixin.py:137} INFO - [2023-04-01T21:07:36.525+0000] {dag.py:3456} INFO - Setting next_dagrun for example_short_circuit_operator to 2023-03-31T21:07:36.525103+00:00, run_after=2023-04-01T21:07:36.525103+00:00
[2023-04-01T21:07:36.562+0000] {processor.py:175} INFO - Processing /home/airflow/.local/lib/python3.7/site-packages/airflow/example_dags/example_short_circuit_operator.py took 0.205 seconds
