[2023-04-01T21:06:02.707+0000] {processor.py:153} INFO - Started process (PID=53) to work on /home/airflow/.local/lib/python3.7/site-packages/airflow/example_dags/example_complex.py
[2023-04-01T21:06:02.709+0000] {processor.py:743} INFO - Processing file /home/airflow/.local/lib/python3.7/site-packages/airflow/example_dags/example_complex.py for tasks to queue
[2023-04-01T21:06:02.710+0000] {logging_mixin.py:137} INFO - [2023-04-01T21:06:02.710+0000] {dagbag.py:532} INFO - Filling up the DagBag from /home/airflow/.local/lib/python3.7/site-packages/airflow/example_dags/example_complex.py
[2023-04-01T21:06:02.818+0000] {logging_mixin.py:137} INFO - [2023-04-01T21:06:02.817+0000] {taskmixin.py:211} WARNING - Dependency <Task(BashOperator): create_entry_group>, delete_entry_group already registered for DAG: example_complex
[2023-04-01T21:06:02.818+0000] {logging_mixin.py:137} INFO - [2023-04-01T21:06:02.818+0000] {taskmixin.py:211} WARNING - Dependency <Task(BashOperator): delete_entry_group>, create_entry_group already registered for DAG: example_complex
[2023-04-01T21:06:02.819+0000] {logging_mixin.py:137} INFO - [2023-04-01T21:06:02.819+0000] {taskmixin.py:211} WARNING - Dependency <Task(BashOperator): create_entry_gcs>, delete_entry already registered for DAG: example_complex
[2023-04-01T21:06:02.820+0000] {logging_mixin.py:137} INFO - [2023-04-01T21:06:02.819+0000] {taskmixin.py:211} WARNING - Dependency <Task(BashOperator): delete_entry>, create_entry_gcs already registered for DAG: example_complex
[2023-04-01T21:06:02.822+0000] {logging_mixin.py:137} INFO - [2023-04-01T21:06:02.822+0000] {taskmixin.py:211} WARNING - Dependency <Task(BashOperator): create_tag>, delete_tag already registered for DAG: example_complex
[2023-04-01T21:06:02.822+0000] {logging_mixin.py:137} INFO - [2023-04-01T21:06:02.822+0000] {taskmixin.py:211} WARNING - Dependency <Task(BashOperator): delete_tag>, create_tag already registered for DAG: example_complex
[2023-04-01T21:06:02.842+0000] {processor.py:753} INFO - DAG(s) dict_keys(['example_complex']) retrieved from /home/airflow/.local/lib/python3.7/site-packages/airflow/example_dags/example_complex.py
[2023-04-01T21:06:03.056+0000] {logging_mixin.py:137} INFO - [2023-04-01T21:06:03.055+0000] {dag.py:2705} INFO - Sync 1 DAGs
[2023-04-01T21:06:03.320+0000] {logging_mixin.py:137} INFO - [2023-04-01T21:06:03.320+0000] {dag.py:3456} INFO - Setting next_dagrun for example_complex to None, run_after=None
[2023-04-01T21:06:03.470+0000] {processor.py:175} INFO - Processing /home/airflow/.local/lib/python3.7/site-packages/airflow/example_dags/example_complex.py took 0.794 seconds
[2023-04-01T21:06:34.098+0000] {processor.py:153} INFO - Started process (PID=103) to work on /home/airflow/.local/lib/python3.7/site-packages/airflow/example_dags/example_complex.py
[2023-04-01T21:06:34.101+0000] {processor.py:743} INFO - Processing file /home/airflow/.local/lib/python3.7/site-packages/airflow/example_dags/example_complex.py for tasks to queue
[2023-04-01T21:06:34.102+0000] {logging_mixin.py:137} INFO - [2023-04-01T21:06:34.102+0000] {dagbag.py:532} INFO - Filling up the DagBag from /home/airflow/.local/lib/python3.7/site-packages/airflow/example_dags/example_complex.py
[2023-04-01T21:06:34.152+0000] {logging_mixin.py:137} INFO - [2023-04-01T21:06:34.151+0000] {taskmixin.py:211} WARNING - Dependency <Task(BashOperator): create_entry_group>, delete_entry_group already registered for DAG: example_complex
[2023-04-01T21:06:34.152+0000] {logging_mixin.py:137} INFO - [2023-04-01T21:06:34.152+0000] {taskmixin.py:211} WARNING - Dependency <Task(BashOperator): delete_entry_group>, create_entry_group already registered for DAG: example_complex
[2023-04-01T21:06:34.153+0000] {logging_mixin.py:137} INFO - [2023-04-01T21:06:34.152+0000] {taskmixin.py:211} WARNING - Dependency <Task(BashOperator): create_entry_gcs>, delete_entry already registered for DAG: example_complex
[2023-04-01T21:06:34.153+0000] {logging_mixin.py:137} INFO - [2023-04-01T21:06:34.153+0000] {taskmixin.py:211} WARNING - Dependency <Task(BashOperator): delete_entry>, create_entry_gcs already registered for DAG: example_complex
[2023-04-01T21:06:34.154+0000] {logging_mixin.py:137} INFO - [2023-04-01T21:06:34.153+0000] {taskmixin.py:211} WARNING - Dependency <Task(BashOperator): create_tag>, delete_tag already registered for DAG: example_complex
[2023-04-01T21:06:34.154+0000] {logging_mixin.py:137} INFO - [2023-04-01T21:06:34.154+0000] {taskmixin.py:211} WARNING - Dependency <Task(BashOperator): delete_tag>, create_tag already registered for DAG: example_complex
[2023-04-01T21:06:34.193+0000] {processor.py:753} INFO - DAG(s) dict_keys(['example_complex']) retrieved from /home/airflow/.local/lib/python3.7/site-packages/airflow/example_dags/example_complex.py
[2023-04-01T21:06:34.306+0000] {logging_mixin.py:137} INFO - [2023-04-01T21:06:34.306+0000] {dag.py:2705} INFO - Sync 1 DAGs
[2023-04-01T21:06:34.363+0000] {logging_mixin.py:137} INFO - [2023-04-01T21:06:34.362+0000] {dag.py:3456} INFO - Setting next_dagrun for example_complex to None, run_after=None
[2023-04-01T21:06:34.400+0000] {processor.py:175} INFO - Processing /home/airflow/.local/lib/python3.7/site-packages/airflow/example_dags/example_complex.py took 0.310 seconds
[2023-04-01T21:07:04.521+0000] {processor.py:153} INFO - Started process (PID=155) to work on /home/airflow/.local/lib/python3.7/site-packages/airflow/example_dags/example_complex.py
[2023-04-01T21:07:04.523+0000] {processor.py:743} INFO - Processing file /home/airflow/.local/lib/python3.7/site-packages/airflow/example_dags/example_complex.py for tasks to queue
[2023-04-01T21:07:04.525+0000] {logging_mixin.py:137} INFO - [2023-04-01T21:07:04.524+0000] {dagbag.py:532} INFO - Filling up the DagBag from /home/airflow/.local/lib/python3.7/site-packages/airflow/example_dags/example_complex.py
[2023-04-01T21:07:04.553+0000] {logging_mixin.py:137} INFO - [2023-04-01T21:07:04.553+0000] {taskmixin.py:211} WARNING - Dependency <Task(BashOperator): create_entry_group>, delete_entry_group already registered for DAG: example_complex
[2023-04-01T21:07:04.554+0000] {logging_mixin.py:137} INFO - [2023-04-01T21:07:04.554+0000] {taskmixin.py:211} WARNING - Dependency <Task(BashOperator): delete_entry_group>, create_entry_group already registered for DAG: example_complex
[2023-04-01T21:07:04.554+0000] {logging_mixin.py:137} INFO - [2023-04-01T21:07:04.554+0000] {taskmixin.py:211} WARNING - Dependency <Task(BashOperator): create_entry_gcs>, delete_entry already registered for DAG: example_complex
[2023-04-01T21:07:04.555+0000] {logging_mixin.py:137} INFO - [2023-04-01T21:07:04.554+0000] {taskmixin.py:211} WARNING - Dependency <Task(BashOperator): delete_entry>, create_entry_gcs already registered for DAG: example_complex
[2023-04-01T21:07:04.555+0000] {logging_mixin.py:137} INFO - [2023-04-01T21:07:04.555+0000] {taskmixin.py:211} WARNING - Dependency <Task(BashOperator): create_tag>, delete_tag already registered for DAG: example_complex
[2023-04-01T21:07:04.556+0000] {logging_mixin.py:137} INFO - [2023-04-01T21:07:04.556+0000] {taskmixin.py:211} WARNING - Dependency <Task(BashOperator): delete_tag>, create_tag already registered for DAG: example_complex
[2023-04-01T21:07:04.587+0000] {processor.py:753} INFO - DAG(s) dict_keys(['example_complex']) retrieved from /home/airflow/.local/lib/python3.7/site-packages/airflow/example_dags/example_complex.py
[2023-04-01T21:07:04.675+0000] {logging_mixin.py:137} INFO - [2023-04-01T21:07:04.675+0000] {dag.py:2705} INFO - Sync 1 DAGs
[2023-04-01T21:07:04.734+0000] {logging_mixin.py:137} INFO - [2023-04-01T21:07:04.734+0000] {dag.py:3456} INFO - Setting next_dagrun for example_complex to None, run_after=None
[2023-04-01T21:07:04.776+0000] {processor.py:175} INFO - Processing /home/airflow/.local/lib/python3.7/site-packages/airflow/example_dags/example_complex.py took 0.270 seconds
[2023-04-01T21:07:35.092+0000] {processor.py:153} INFO - Started process (PID=206) to work on /home/airflow/.local/lib/python3.7/site-packages/airflow/example_dags/example_complex.py
[2023-04-01T21:07:35.094+0000] {processor.py:743} INFO - Processing file /home/airflow/.local/lib/python3.7/site-packages/airflow/example_dags/example_complex.py for tasks to queue
[2023-04-01T21:07:35.095+0000] {logging_mixin.py:137} INFO - [2023-04-01T21:07:35.095+0000] {dagbag.py:532} INFO - Filling up the DagBag from /home/airflow/.local/lib/python3.7/site-packages/airflow/example_dags/example_complex.py
[2023-04-01T21:07:35.122+0000] {logging_mixin.py:137} INFO - [2023-04-01T21:07:35.122+0000] {taskmixin.py:211} WARNING - Dependency <Task(BashOperator): create_entry_group>, delete_entry_group already registered for DAG: example_complex
[2023-04-01T21:07:35.122+0000] {logging_mixin.py:137} INFO - [2023-04-01T21:07:35.122+0000] {taskmixin.py:211} WARNING - Dependency <Task(BashOperator): delete_entry_group>, create_entry_group already registered for DAG: example_complex
[2023-04-01T21:07:35.123+0000] {logging_mixin.py:137} INFO - [2023-04-01T21:07:35.123+0000] {taskmixin.py:211} WARNING - Dependency <Task(BashOperator): create_entry_gcs>, delete_entry already registered for DAG: example_complex
[2023-04-01T21:07:35.123+0000] {logging_mixin.py:137} INFO - [2023-04-01T21:07:35.123+0000] {taskmixin.py:211} WARNING - Dependency <Task(BashOperator): delete_entry>, create_entry_gcs already registered for DAG: example_complex
[2023-04-01T21:07:35.124+0000] {logging_mixin.py:137} INFO - [2023-04-01T21:07:35.124+0000] {taskmixin.py:211} WARNING - Dependency <Task(BashOperator): create_tag>, delete_tag already registered for DAG: example_complex
[2023-04-01T21:07:35.124+0000] {logging_mixin.py:137} INFO - [2023-04-01T21:07:35.124+0000] {taskmixin.py:211} WARNING - Dependency <Task(BashOperator): delete_tag>, create_tag already registered for DAG: example_complex
[2023-04-01T21:07:35.140+0000] {processor.py:753} INFO - DAG(s) dict_keys(['example_complex']) retrieved from /home/airflow/.local/lib/python3.7/site-packages/airflow/example_dags/example_complex.py
[2023-04-01T21:07:35.218+0000] {logging_mixin.py:137} INFO - [2023-04-01T21:07:35.218+0000] {dag.py:2705} INFO - Sync 1 DAGs
[2023-04-01T21:07:35.275+0000] {logging_mixin.py:137} INFO - [2023-04-01T21:07:35.275+0000] {dag.py:3456} INFO - Setting next_dagrun for example_complex to None, run_after=None
[2023-04-01T21:07:35.314+0000] {processor.py:175} INFO - Processing /home/airflow/.local/lib/python3.7/site-packages/airflow/example_dags/example_complex.py took 0.230 seconds
