[2023-04-01T21:06:08.793+0000] {processor.py:153} INFO - Started process (PID=68) to work on /home/airflow/.local/lib/python3.7/site-packages/airflow/example_dags/example_short_circuit_decorator.py
[2023-04-01T21:06:08.795+0000] {processor.py:743} INFO - Processing file /home/airflow/.local/lib/python3.7/site-packages/airflow/example_dags/example_short_circuit_decorator.py for tasks to queue
[2023-04-01T21:06:08.796+0000] {logging_mixin.py:137} INFO - [2023-04-01T21:06:08.796+0000] {dagbag.py:532} INFO - Filling up the DagBag from /home/airflow/.local/lib/python3.7/site-packages/airflow/example_dags/example_short_circuit_decorator.py
[2023-04-01T21:06:08.959+0000] {processor.py:753} INFO - DAG(s) dict_keys(['example_short_circuit_decorator']) retrieved from /home/airflow/.local/lib/python3.7/site-packages/airflow/example_dags/example_short_circuit_decorator.py
[2023-04-01T21:06:09.220+0000] {logging_mixin.py:137} INFO - [2023-04-01T21:06:09.219+0000] {dag.py:2705} INFO - Sync 1 DAGs
[2023-04-01T21:06:09.453+0000] {logging_mixin.py:137} INFO - [2023-04-01T21:06:09.452+0000] {dag.py:3456} INFO - Setting next_dagrun for example_short_circuit_decorator to 2023-03-31T21:06:09.452150+00:00, run_after=2023-04-01T21:06:09.452150+00:00
[2023-04-01T21:06:09.628+0000] {processor.py:175} INFO - Processing /home/airflow/.local/lib/python3.7/site-packages/airflow/example_dags/example_short_circuit_decorator.py took 0.852 seconds
[2023-04-01T21:06:39.889+0000] {processor.py:153} INFO - Started process (PID=118) to work on /home/airflow/.local/lib/python3.7/site-packages/airflow/example_dags/example_short_circuit_decorator.py
[2023-04-01T21:06:39.891+0000] {processor.py:743} INFO - Processing file /home/airflow/.local/lib/python3.7/site-packages/airflow/example_dags/example_short_circuit_decorator.py for tasks to queue
[2023-04-01T21:06:39.892+0000] {logging_mixin.py:137} INFO - [2023-04-01T21:06:39.892+0000] {dagbag.py:532} INFO - Filling up the DagBag from /home/airflow/.local/lib/python3.7/site-packages/airflow/example_dags/example_short_circuit_decorator.py
[2023-04-01T21:06:39.930+0000] {processor.py:753} INFO - DAG(s) dict_keys(['example_short_circuit_decorator']) retrieved from /home/airflow/.local/lib/python3.7/site-packages/airflow/example_dags/example_short_circuit_decorator.py
[2023-04-01T21:06:39.976+0000] {logging_mixin.py:137} INFO - [2023-04-01T21:06:39.976+0000] {dag.py:2705} INFO - Sync 1 DAGs
[2023-04-01T21:06:40.027+0000] {logging_mixin.py:137} INFO - [2023-04-01T21:06:40.026+0000] {dag.py:3456} INFO - Setting next_dagrun for example_short_circuit_decorator to 2023-03-31T21:06:40.026286+00:00, run_after=2023-04-01T21:06:40.026286+00:00
[2023-04-01T21:06:40.060+0000] {processor.py:175} INFO - Processing /home/airflow/.local/lib/python3.7/site-packages/airflow/example_dags/example_short_circuit_decorator.py took 0.177 seconds
[2023-04-01T21:07:10.335+0000] {processor.py:153} INFO - Started process (PID=170) to work on /home/airflow/.local/lib/python3.7/site-packages/airflow/example_dags/example_short_circuit_decorator.py
[2023-04-01T21:07:10.337+0000] {processor.py:743} INFO - Processing file /home/airflow/.local/lib/python3.7/site-packages/airflow/example_dags/example_short_circuit_decorator.py for tasks to queue
[2023-04-01T21:07:10.338+0000] {logging_mixin.py:137} INFO - [2023-04-01T21:07:10.338+0000] {dagbag.py:532} INFO - Filling up the DagBag from /home/airflow/.local/lib/python3.7/site-packages/airflow/example_dags/example_short_circuit_decorator.py
[2023-04-01T21:07:10.400+0000] {processor.py:753} INFO - DAG(s) dict_keys(['example_short_circuit_decorator']) retrieved from /home/airflow/.local/lib/python3.7/site-packages/airflow/example_dags/example_short_circuit_decorator.py
[2023-04-01T21:07:10.472+0000] {logging_mixin.py:137} INFO - [2023-04-01T21:07:10.471+0000] {dag.py:2705} INFO - Sync 1 DAGs
[2023-04-01T21:07:10.527+0000] {logging_mixin.py:137} INFO - [2023-04-01T21:07:10.527+0000] {dag.py:3456} INFO - Setting next_dagrun for example_short_circuit_decorator to 2023-03-31T21:07:10.527016+00:00, run_after=2023-04-01T21:07:10.527016+00:00
[2023-04-01T21:07:10.566+0000] {processor.py:175} INFO - Processing /home/airflow/.local/lib/python3.7/site-packages/airflow/example_dags/example_short_circuit_decorator.py took 0.238 seconds
[2023-04-01T21:07:40.810+0000] {processor.py:153} INFO - Started process (PID=221) to work on /home/airflow/.local/lib/python3.7/site-packages/airflow/example_dags/example_short_circuit_decorator.py
[2023-04-01T21:07:40.812+0000] {processor.py:743} INFO - Processing file /home/airflow/.local/lib/python3.7/site-packages/airflow/example_dags/example_short_circuit_decorator.py for tasks to queue
[2023-04-01T21:07:40.814+0000] {logging_mixin.py:137} INFO - [2023-04-01T21:07:40.813+0000] {dagbag.py:532} INFO - Filling up the DagBag from /home/airflow/.local/lib/python3.7/site-packages/airflow/example_dags/example_short_circuit_decorator.py
[2023-04-01T21:07:40.874+0000] {processor.py:753} INFO - DAG(s) dict_keys(['example_short_circuit_decorator']) retrieved from /home/airflow/.local/lib/python3.7/site-packages/airflow/example_dags/example_short_circuit_decorator.py
[2023-04-01T21:07:40.941+0000] {logging_mixin.py:137} INFO - [2023-04-01T21:07:40.940+0000] {dag.py:2705} INFO - Sync 1 DAGs
[2023-04-01T21:07:41.008+0000] {logging_mixin.py:137} INFO - [2023-04-01T21:07:41.008+0000] {dag.py:3456} INFO - Setting next_dagrun for example_short_circuit_decorator to 2023-03-31T21:07:41.007616+00:00, run_after=2023-04-01T21:07:41.007616+00:00
[2023-04-01T21:07:41.054+0000] {processor.py:175} INFO - Processing /home/airflow/.local/lib/python3.7/site-packages/airflow/example_dags/example_short_circuit_decorator.py took 0.259 seconds
