[2023-04-01T21:06:13.304+0000] {processor.py:153} INFO - Started process (PID=81) to work on /home/airflow/.local/lib/python3.7/site-packages/airflow/example_dags/example_sensors.py
[2023-04-01T21:06:13.305+0000] {processor.py:743} INFO - Processing file /home/airflow/.local/lib/python3.7/site-packages/airflow/example_dags/example_sensors.py for tasks to queue
[2023-04-01T21:06:13.323+0000] {logging_mixin.py:137} INFO - [2023-04-01T21:06:13.306+0000] {dagbag.py:532} INFO - Filling up the DagBag from /home/airflow/.local/lib/python3.7/site-packages/airflow/example_dags/example_sensors.py
[2023-04-01T21:06:13.399+0000] {processor.py:753} INFO - DAG(s) dict_keys(['example_sensors']) retrieved from /home/airflow/.local/lib/python3.7/site-packages/airflow/example_dags/example_sensors.py
[2023-04-01T21:06:13.469+0000] {logging_mixin.py:137} INFO - [2023-04-01T21:06:13.469+0000] {dag.py:2705} INFO - Sync 1 DAGs
[2023-04-01T21:06:13.563+0000] {logging_mixin.py:137} INFO - [2023-04-01T21:06:13.563+0000] {dag.py:3456} INFO - Setting next_dagrun for example_sensors to None, run_after=None
[2023-04-01T21:06:13.629+0000] {processor.py:175} INFO - Processing /home/airflow/.local/lib/python3.7/site-packages/airflow/example_dags/example_sensors.py took 0.339 seconds
[2023-04-01T21:06:44.399+0000] {processor.py:153} INFO - Started process (PID=131) to work on /home/airflow/.local/lib/python3.7/site-packages/airflow/example_dags/example_sensors.py
[2023-04-01T21:06:44.401+0000] {processor.py:743} INFO - Processing file /home/airflow/.local/lib/python3.7/site-packages/airflow/example_dags/example_sensors.py for tasks to queue
[2023-04-01T21:06:44.402+0000] {logging_mixin.py:137} INFO - [2023-04-01T21:06:44.402+0000] {dagbag.py:532} INFO - Filling up the DagBag from /home/airflow/.local/lib/python3.7/site-packages/airflow/example_dags/example_sensors.py
[2023-04-01T21:06:44.447+0000] {processor.py:753} INFO - DAG(s) dict_keys(['example_sensors']) retrieved from /home/airflow/.local/lib/python3.7/site-packages/airflow/example_dags/example_sensors.py
[2023-04-01T21:06:44.512+0000] {logging_mixin.py:137} INFO - [2023-04-01T21:06:44.512+0000] {dag.py:2705} INFO - Sync 1 DAGs
[2023-04-01T21:06:44.569+0000] {logging_mixin.py:137} INFO - [2023-04-01T21:06:44.568+0000] {dag.py:3456} INFO - Setting next_dagrun for example_sensors to None, run_after=None
[2023-04-01T21:06:44.606+0000] {processor.py:175} INFO - Processing /home/airflow/.local/lib/python3.7/site-packages/airflow/example_dags/example_sensors.py took 0.214 seconds
[2023-04-01T21:07:14.967+0000] {processor.py:153} INFO - Started process (PID=183) to work on /home/airflow/.local/lib/python3.7/site-packages/airflow/example_dags/example_sensors.py
[2023-04-01T21:07:14.969+0000] {processor.py:743} INFO - Processing file /home/airflow/.local/lib/python3.7/site-packages/airflow/example_dags/example_sensors.py for tasks to queue
[2023-04-01T21:07:14.972+0000] {logging_mixin.py:137} INFO - [2023-04-01T21:07:14.972+0000] {dagbag.py:532} INFO - Filling up the DagBag from /home/airflow/.local/lib/python3.7/site-packages/airflow/example_dags/example_sensors.py
[2023-04-01T21:07:15.028+0000] {processor.py:753} INFO - DAG(s) dict_keys(['example_sensors']) retrieved from /home/airflow/.local/lib/python3.7/site-packages/airflow/example_dags/example_sensors.py
[2023-04-01T21:07:15.089+0000] {logging_mixin.py:137} INFO - [2023-04-01T21:07:15.089+0000] {dag.py:2705} INFO - Sync 1 DAGs
[2023-04-01T21:07:15.146+0000] {logging_mixin.py:137} INFO - [2023-04-01T21:07:15.146+0000] {dag.py:3456} INFO - Setting next_dagrun for example_sensors to None, run_after=None
[2023-04-01T21:07:15.182+0000] {processor.py:175} INFO - Processing /home/airflow/.local/lib/python3.7/site-packages/airflow/example_dags/example_sensors.py took 0.223 seconds
[2023-04-01T21:07:45.685+0000] {processor.py:153} INFO - Started process (PID=234) to work on /home/airflow/.local/lib/python3.7/site-packages/airflow/example_dags/example_sensors.py
[2023-04-01T21:07:45.687+0000] {processor.py:743} INFO - Processing file /home/airflow/.local/lib/python3.7/site-packages/airflow/example_dags/example_sensors.py for tasks to queue
[2023-04-01T21:07:45.688+0000] {logging_mixin.py:137} INFO - [2023-04-01T21:07:45.688+0000] {dagbag.py:532} INFO - Filling up the DagBag from /home/airflow/.local/lib/python3.7/site-packages/airflow/example_dags/example_sensors.py
[2023-04-01T21:07:45.734+0000] {processor.py:753} INFO - DAG(s) dict_keys(['example_sensors']) retrieved from /home/airflow/.local/lib/python3.7/site-packages/airflow/example_dags/example_sensors.py
[2023-04-01T21:07:45.806+0000] {logging_mixin.py:137} INFO - [2023-04-01T21:07:45.806+0000] {dag.py:2705} INFO - Sync 1 DAGs
[2023-04-01T21:07:45.869+0000] {logging_mixin.py:137} INFO - [2023-04-01T21:07:45.868+0000] {dag.py:3456} INFO - Setting next_dagrun for example_sensors to None, run_after=None
[2023-04-01T21:07:45.915+0000] {processor.py:175} INFO - Processing /home/airflow/.local/lib/python3.7/site-packages/airflow/example_dags/example_sensors.py took 0.241 seconds
