[2023-04-01T21:06:12.021+0000] {processor.py:153} INFO - Started process (PID=76) to work on /home/airflow/.local/lib/python3.7/site-packages/airflow/example_dags/example_datasets.py
[2023-04-01T21:06:12.022+0000] {processor.py:743} INFO - Processing file /home/airflow/.local/lib/python3.7/site-packages/airflow/example_dags/example_datasets.py for tasks to queue
[2023-04-01T21:06:12.024+0000] {logging_mixin.py:137} INFO - [2023-04-01T21:06:12.023+0000] {dagbag.py:532} INFO - Filling up the DagBag from /home/airflow/.local/lib/python3.7/site-packages/airflow/example_dags/example_datasets.py
[2023-04-01T21:06:12.060+0000] {processor.py:753} INFO - DAG(s) dict_keys(['dataset_produces_1', 'dataset_produces_2', 'dataset_consumes_1', 'dataset_consumes_unknown_never_scheduled', 'dataset_consumes_1_and_2', 'dataset_consumes_1_never_scheduled']) retrieved from /home/airflow/.local/lib/python3.7/site-packages/airflow/example_dags/example_datasets.py
[2023-04-01T21:06:12.447+0000] {logging_mixin.py:137} INFO - [2023-04-01T21:06:12.446+0000] {dag.py:2705} INFO - Sync 6 DAGs
[2023-04-01T21:06:12.535+0000] {logging_mixin.py:137} INFO - [2023-04-01T21:06:12.535+0000] {dag.py:3456} INFO - Setting next_dagrun for dataset_consumes_1 to None, run_after=None
[2023-04-01T21:06:12.552+0000] {logging_mixin.py:137} INFO - [2023-04-01T21:06:12.552+0000] {dag.py:3456} INFO - Setting next_dagrun for dataset_consumes_1_and_2 to None, run_after=None
[2023-04-01T21:06:12.560+0000] {logging_mixin.py:137} INFO - [2023-04-01T21:06:12.559+0000] {dag.py:3456} INFO - Setting next_dagrun for dataset_consumes_1_never_scheduled to None, run_after=None
[2023-04-01T21:06:12.572+0000] {logging_mixin.py:137} INFO - [2023-04-01T21:06:12.572+0000] {dag.py:3456} INFO - Setting next_dagrun for dataset_consumes_unknown_never_scheduled to None, run_after=None
[2023-04-01T21:06:12.599+0000] {logging_mixin.py:137} INFO - [2023-04-01T21:06:12.583+0000] {dag.py:3456} INFO - Setting next_dagrun for dataset_produces_1 to 2023-03-31T00:00:00+00:00, run_after=2023-04-01T00:00:00+00:00
[2023-04-01T21:06:12.602+0000] {logging_mixin.py:137} INFO - [2023-04-01T21:06:12.602+0000] {dag.py:3456} INFO - Setting next_dagrun for dataset_produces_2 to None, run_after=None
[2023-04-01T21:06:12.839+0000] {processor.py:175} INFO - Processing /home/airflow/.local/lib/python3.7/site-packages/airflow/example_dags/example_datasets.py took 0.828 seconds
[2023-04-01T21:06:43.028+0000] {processor.py:153} INFO - Started process (PID=127) to work on /home/airflow/.local/lib/python3.7/site-packages/airflow/example_dags/example_datasets.py
[2023-04-01T21:06:43.030+0000] {processor.py:743} INFO - Processing file /home/airflow/.local/lib/python3.7/site-packages/airflow/example_dags/example_datasets.py for tasks to queue
[2023-04-01T21:06:43.032+0000] {logging_mixin.py:137} INFO - [2023-04-01T21:06:43.031+0000] {dagbag.py:532} INFO - Filling up the DagBag from /home/airflow/.local/lib/python3.7/site-packages/airflow/example_dags/example_datasets.py
[2023-04-01T21:06:43.065+0000] {processor.py:753} INFO - DAG(s) dict_keys(['dataset_consumes_1', 'dataset_consumes_unknown_never_scheduled', 'dataset_produces_1', 'dataset_consumes_1_never_scheduled', 'dataset_produces_2', 'dataset_consumes_1_and_2']) retrieved from /home/airflow/.local/lib/python3.7/site-packages/airflow/example_dags/example_datasets.py
[2023-04-01T21:06:43.163+0000] {logging_mixin.py:137} INFO - [2023-04-01T21:06:43.163+0000] {dag.py:2705} INFO - Sync 6 DAGs
[2023-04-01T21:06:43.253+0000] {logging_mixin.py:137} INFO - [2023-04-01T21:06:43.252+0000] {dag.py:3456} INFO - Setting next_dagrun for dataset_consumes_1 to None, run_after=None
[2023-04-01T21:06:43.259+0000] {logging_mixin.py:137} INFO - [2023-04-01T21:06:43.259+0000] {dag.py:3456} INFO - Setting next_dagrun for dataset_consumes_1_and_2 to None, run_after=None
[2023-04-01T21:06:43.262+0000] {logging_mixin.py:137} INFO - [2023-04-01T21:06:43.262+0000] {dag.py:3456} INFO - Setting next_dagrun for dataset_consumes_1_never_scheduled to None, run_after=None
[2023-04-01T21:06:43.266+0000] {logging_mixin.py:137} INFO - [2023-04-01T21:06:43.266+0000] {dag.py:3456} INFO - Setting next_dagrun for dataset_consumes_unknown_never_scheduled to None, run_after=None
[2023-04-01T21:06:43.272+0000] {logging_mixin.py:137} INFO - [2023-04-01T21:06:43.272+0000] {dag.py:3456} INFO - Setting next_dagrun for dataset_produces_1 to 2023-03-31T00:00:00+00:00, run_after=2023-04-01T00:00:00+00:00
[2023-04-01T21:06:43.275+0000] {logging_mixin.py:137} INFO - [2023-04-01T21:06:43.275+0000] {dag.py:3456} INFO - Setting next_dagrun for dataset_produces_2 to None, run_after=None
[2023-04-01T21:06:43.339+0000] {processor.py:175} INFO - Processing /home/airflow/.local/lib/python3.7/site-packages/airflow/example_dags/example_datasets.py took 0.319 seconds
[2023-04-01T21:07:13.416+0000] {processor.py:153} INFO - Started process (PID=179) to work on /home/airflow/.local/lib/python3.7/site-packages/airflow/example_dags/example_datasets.py
[2023-04-01T21:07:13.418+0000] {processor.py:743} INFO - Processing file /home/airflow/.local/lib/python3.7/site-packages/airflow/example_dags/example_datasets.py for tasks to queue
[2023-04-01T21:07:13.419+0000] {logging_mixin.py:137} INFO - [2023-04-01T21:07:13.419+0000] {dagbag.py:532} INFO - Filling up the DagBag from /home/airflow/.local/lib/python3.7/site-packages/airflow/example_dags/example_datasets.py
[2023-04-01T21:07:13.453+0000] {processor.py:753} INFO - DAG(s) dict_keys(['dataset_consumes_1_never_scheduled', 'dataset_consumes_1', 'dataset_consumes_1_and_2', 'dataset_produces_1', 'dataset_consumes_unknown_never_scheduled', 'dataset_produces_2']) retrieved from /home/airflow/.local/lib/python3.7/site-packages/airflow/example_dags/example_datasets.py
[2023-04-01T21:07:13.548+0000] {logging_mixin.py:137} INFO - [2023-04-01T21:07:13.548+0000] {dag.py:2705} INFO - Sync 6 DAGs
[2023-04-01T21:07:13.611+0000] {logging_mixin.py:137} INFO - [2023-04-01T21:07:13.611+0000] {dag.py:3456} INFO - Setting next_dagrun for dataset_consumes_1 to None, run_after=None
[2023-04-01T21:07:13.621+0000] {logging_mixin.py:137} INFO - [2023-04-01T21:07:13.621+0000] {dag.py:3456} INFO - Setting next_dagrun for dataset_consumes_1_and_2 to None, run_after=None
[2023-04-01T21:07:13.623+0000] {logging_mixin.py:137} INFO - [2023-04-01T21:07:13.623+0000] {dag.py:3456} INFO - Setting next_dagrun for dataset_consumes_1_never_scheduled to None, run_after=None
[2023-04-01T21:07:13.625+0000] {logging_mixin.py:137} INFO - [2023-04-01T21:07:13.625+0000] {dag.py:3456} INFO - Setting next_dagrun for dataset_consumes_unknown_never_scheduled to None, run_after=None
[2023-04-01T21:07:13.631+0000] {logging_mixin.py:137} INFO - [2023-04-01T21:07:13.631+0000] {dag.py:3456} INFO - Setting next_dagrun for dataset_produces_1 to 2023-03-31T00:00:00+00:00, run_after=2023-04-01T00:00:00+00:00
[2023-04-01T21:07:13.634+0000] {logging_mixin.py:137} INFO - [2023-04-01T21:07:13.633+0000] {dag.py:3456} INFO - Setting next_dagrun for dataset_produces_2 to None, run_after=None
[2023-04-01T21:07:13.698+0000] {processor.py:175} INFO - Processing /home/airflow/.local/lib/python3.7/site-packages/airflow/example_dags/example_datasets.py took 0.289 seconds
[2023-04-01T21:07:44.034+0000] {processor.py:153} INFO - Started process (PID=230) to work on /home/airflow/.local/lib/python3.7/site-packages/airflow/example_dags/example_datasets.py
[2023-04-01T21:07:44.035+0000] {processor.py:743} INFO - Processing file /home/airflow/.local/lib/python3.7/site-packages/airflow/example_dags/example_datasets.py for tasks to queue
[2023-04-01T21:07:44.036+0000] {logging_mixin.py:137} INFO - [2023-04-01T21:07:44.036+0000] {dagbag.py:532} INFO - Filling up the DagBag from /home/airflow/.local/lib/python3.7/site-packages/airflow/example_dags/example_datasets.py
[2023-04-01T21:07:44.070+0000] {processor.py:753} INFO - DAG(s) dict_keys(['dataset_produces_2', 'dataset_consumes_1_never_scheduled', 'dataset_produces_1', 'dataset_consumes_1_and_2', 'dataset_consumes_unknown_never_scheduled', 'dataset_consumes_1']) retrieved from /home/airflow/.local/lib/python3.7/site-packages/airflow/example_dags/example_datasets.py
[2023-04-01T21:07:44.157+0000] {logging_mixin.py:137} INFO - [2023-04-01T21:07:44.156+0000] {dag.py:2705} INFO - Sync 6 DAGs
[2023-04-01T21:07:44.214+0000] {logging_mixin.py:137} INFO - [2023-04-01T21:07:44.214+0000] {dag.py:3456} INFO - Setting next_dagrun for dataset_consumes_1 to None, run_after=None
[2023-04-01T21:07:44.221+0000] {logging_mixin.py:137} INFO - [2023-04-01T21:07:44.221+0000] {dag.py:3456} INFO - Setting next_dagrun for dataset_consumes_1_and_2 to None, run_after=None
[2023-04-01T21:07:44.223+0000] {logging_mixin.py:137} INFO - [2023-04-01T21:07:44.223+0000] {dag.py:3456} INFO - Setting next_dagrun for dataset_consumes_1_never_scheduled to None, run_after=None
[2023-04-01T21:07:44.225+0000] {logging_mixin.py:137} INFO - [2023-04-01T21:07:44.225+0000] {dag.py:3456} INFO - Setting next_dagrun for dataset_consumes_unknown_never_scheduled to None, run_after=None
[2023-04-01T21:07:44.231+0000] {logging_mixin.py:137} INFO - [2023-04-01T21:07:44.231+0000] {dag.py:3456} INFO - Setting next_dagrun for dataset_produces_1 to 2023-03-31T00:00:00+00:00, run_after=2023-04-01T00:00:00+00:00
[2023-04-01T21:07:44.234+0000] {logging_mixin.py:137} INFO - [2023-04-01T21:07:44.234+0000] {dag.py:3456} INFO - Setting next_dagrun for dataset_produces_2 to None, run_after=None
[2023-04-01T21:07:44.307+0000] {processor.py:175} INFO - Processing /home/airflow/.local/lib/python3.7/site-packages/airflow/example_dags/example_datasets.py took 0.282 seconds
