[2023-04-01T21:06:07.383+0000] {processor.py:153} INFO - Started process (PID=65) to work on /home/airflow/.local/lib/python3.7/site-packages/airflow/example_dags/example_branch_python_dop_operator_3.py
[2023-04-01T21:06:07.385+0000] {processor.py:743} INFO - Processing file /home/airflow/.local/lib/python3.7/site-packages/airflow/example_dags/example_branch_python_dop_operator_3.py for tasks to queue
[2023-04-01T21:06:07.386+0000] {logging_mixin.py:137} INFO - [2023-04-01T21:06:07.386+0000] {dagbag.py:532} INFO - Filling up the DagBag from /home/airflow/.local/lib/python3.7/site-packages/airflow/example_dags/example_branch_python_dop_operator_3.py
[2023-04-01T21:06:07.556+0000] {processor.py:753} INFO - DAG(s) dict_keys(['example_branch_dop_operator_v3']) retrieved from /home/airflow/.local/lib/python3.7/site-packages/airflow/example_dags/example_branch_python_dop_operator_3.py
[2023-04-01T21:06:07.772+0000] {logging_mixin.py:137} INFO - [2023-04-01T21:06:07.771+0000] {dag.py:2705} INFO - Sync 1 DAGs
[2023-04-01T21:06:08.028+0000] {logging_mixin.py:137} INFO - [2023-04-01T21:06:08.028+0000] {dag.py:3456} INFO - Setting next_dagrun for example_branch_dop_operator_v3 to 2023-04-01T21:05:00+00:00, run_after=2023-04-01T21:06:00+00:00
[2023-04-01T21:06:08.188+0000] {processor.py:175} INFO - Processing /home/airflow/.local/lib/python3.7/site-packages/airflow/example_dags/example_branch_python_dop_operator_3.py took 0.820 seconds
[2023-04-01T21:06:38.428+0000] {processor.py:153} INFO - Started process (PID=115) to work on /home/airflow/.local/lib/python3.7/site-packages/airflow/example_dags/example_branch_python_dop_operator_3.py
[2023-04-01T21:06:38.430+0000] {processor.py:743} INFO - Processing file /home/airflow/.local/lib/python3.7/site-packages/airflow/example_dags/example_branch_python_dop_operator_3.py for tasks to queue
[2023-04-01T21:06:38.431+0000] {logging_mixin.py:137} INFO - [2023-04-01T21:06:38.431+0000] {dagbag.py:532} INFO - Filling up the DagBag from /home/airflow/.local/lib/python3.7/site-packages/airflow/example_dags/example_branch_python_dop_operator_3.py
[2023-04-01T21:06:38.486+0000] {processor.py:753} INFO - DAG(s) dict_keys(['example_branch_dop_operator_v3']) retrieved from /home/airflow/.local/lib/python3.7/site-packages/airflow/example_dags/example_branch_python_dop_operator_3.py
[2023-04-01T21:06:38.544+0000] {logging_mixin.py:137} INFO - [2023-04-01T21:06:38.544+0000] {dag.py:2705} INFO - Sync 1 DAGs
[2023-04-01T21:06:38.611+0000] {logging_mixin.py:137} INFO - [2023-04-01T21:06:38.611+0000] {dag.py:3456} INFO - Setting next_dagrun for example_branch_dop_operator_v3 to 2023-04-01T21:05:00+00:00, run_after=2023-04-01T21:06:00+00:00
[2023-04-01T21:06:38.647+0000] {processor.py:175} INFO - Processing /home/airflow/.local/lib/python3.7/site-packages/airflow/example_dags/example_branch_python_dop_operator_3.py took 0.227 seconds
[2023-04-01T21:07:08.869+0000] {processor.py:153} INFO - Started process (PID=167) to work on /home/airflow/.local/lib/python3.7/site-packages/airflow/example_dags/example_branch_python_dop_operator_3.py
[2023-04-01T21:07:08.871+0000] {processor.py:743} INFO - Processing file /home/airflow/.local/lib/python3.7/site-packages/airflow/example_dags/example_branch_python_dop_operator_3.py for tasks to queue
[2023-04-01T21:07:08.872+0000] {logging_mixin.py:137} INFO - [2023-04-01T21:07:08.872+0000] {dagbag.py:532} INFO - Filling up the DagBag from /home/airflow/.local/lib/python3.7/site-packages/airflow/example_dags/example_branch_python_dop_operator_3.py
[2023-04-01T21:07:08.945+0000] {processor.py:753} INFO - DAG(s) dict_keys(['example_branch_dop_operator_v3']) retrieved from /home/airflow/.local/lib/python3.7/site-packages/airflow/example_dags/example_branch_python_dop_operator_3.py
[2023-04-01T21:07:09.005+0000] {logging_mixin.py:137} INFO - [2023-04-01T21:07:09.005+0000] {dag.py:2705} INFO - Sync 1 DAGs
[2023-04-01T21:07:09.070+0000] {logging_mixin.py:137} INFO - [2023-04-01T21:07:09.069+0000] {dag.py:3456} INFO - Setting next_dagrun for example_branch_dop_operator_v3 to 2023-04-01T21:06:00+00:00, run_after=2023-04-01T21:07:00+00:00
[2023-04-01T21:07:09.103+0000] {processor.py:175} INFO - Processing /home/airflow/.local/lib/python3.7/site-packages/airflow/example_dags/example_branch_python_dop_operator_3.py took 0.243 seconds
[2023-04-01T21:07:39.294+0000] {processor.py:153} INFO - Started process (PID=218) to work on /home/airflow/.local/lib/python3.7/site-packages/airflow/example_dags/example_branch_python_dop_operator_3.py
[2023-04-01T21:07:39.295+0000] {processor.py:743} INFO - Processing file /home/airflow/.local/lib/python3.7/site-packages/airflow/example_dags/example_branch_python_dop_operator_3.py for tasks to queue
[2023-04-01T21:07:39.296+0000] {logging_mixin.py:137} INFO - [2023-04-01T21:07:39.296+0000] {dagbag.py:532} INFO - Filling up the DagBag from /home/airflow/.local/lib/python3.7/site-packages/airflow/example_dags/example_branch_python_dop_operator_3.py
[2023-04-01T21:07:39.346+0000] {processor.py:753} INFO - DAG(s) dict_keys(['example_branch_dop_operator_v3']) retrieved from /home/airflow/.local/lib/python3.7/site-packages/airflow/example_dags/example_branch_python_dop_operator_3.py
[2023-04-01T21:07:39.397+0000] {logging_mixin.py:137} INFO - [2023-04-01T21:07:39.397+0000] {dag.py:2705} INFO - Sync 1 DAGs
[2023-04-01T21:07:39.462+0000] {logging_mixin.py:137} INFO - [2023-04-01T21:07:39.461+0000] {dag.py:3456} INFO - Setting next_dagrun for example_branch_dop_operator_v3 to 2023-04-01T21:06:00+00:00, run_after=2023-04-01T21:07:00+00:00
[2023-04-01T21:07:39.495+0000] {processor.py:175} INFO - Processing /home/airflow/.local/lib/python3.7/site-packages/airflow/example_dags/example_branch_python_dop_operator_3.py took 0.214 seconds
