[2023-04-01T21:06:09.184+0000] {processor.py:153} INFO - Started process (PID=69) to work on /home/airflow/.local/lib/python3.7/site-packages/airflow/example_dags/example_sensor_decorator.py
[2023-04-01T21:06:09.185+0000] {processor.py:743} INFO - Processing file /home/airflow/.local/lib/python3.7/site-packages/airflow/example_dags/example_sensor_decorator.py for tasks to queue
[2023-04-01T21:06:09.186+0000] {logging_mixin.py:137} INFO - [2023-04-01T21:06:09.186+0000] {dagbag.py:532} INFO - Filling up the DagBag from /home/airflow/.local/lib/python3.7/site-packages/airflow/example_dags/example_sensor_decorator.py
[2023-04-01T21:06:09.393+0000] {processor.py:753} INFO - DAG(s) dict_keys(['example_sensor_decorator']) retrieved from /home/airflow/.local/lib/python3.7/site-packages/airflow/example_dags/example_sensor_decorator.py
[2023-04-01T21:06:09.603+0000] {logging_mixin.py:137} INFO - [2023-04-01T21:06:09.598+0000] {dag.py:2705} INFO - Sync 1 DAGs
[2023-04-01T21:06:09.808+0000] {logging_mixin.py:137} INFO - [2023-04-01T21:06:09.808+0000] {dag.py:3456} INFO - Setting next_dagrun for example_sensor_decorator to None, run_after=None
[2023-04-01T21:06:09.918+0000] {processor.py:175} INFO - Processing /home/airflow/.local/lib/python3.7/site-packages/airflow/example_dags/example_sensor_decorator.py took 0.804 seconds
[2023-04-01T21:06:40.091+0000] {processor.py:153} INFO - Started process (PID=119) to work on /home/airflow/.local/lib/python3.7/site-packages/airflow/example_dags/example_sensor_decorator.py
[2023-04-01T21:06:40.093+0000] {processor.py:743} INFO - Processing file /home/airflow/.local/lib/python3.7/site-packages/airflow/example_dags/example_sensor_decorator.py for tasks to queue
[2023-04-01T21:06:40.094+0000] {logging_mixin.py:137} INFO - [2023-04-01T21:06:40.094+0000] {dagbag.py:532} INFO - Filling up the DagBag from /home/airflow/.local/lib/python3.7/site-packages/airflow/example_dags/example_sensor_decorator.py
[2023-04-01T21:06:40.128+0000] {processor.py:753} INFO - DAG(s) dict_keys(['example_sensor_decorator']) retrieved from /home/airflow/.local/lib/python3.7/site-packages/airflow/example_dags/example_sensor_decorator.py
[2023-04-01T21:06:40.166+0000] {logging_mixin.py:137} INFO - [2023-04-01T21:06:40.166+0000] {dag.py:2705} INFO - Sync 1 DAGs
[2023-04-01T21:06:40.205+0000] {logging_mixin.py:137} INFO - [2023-04-01T21:06:40.205+0000] {dag.py:3456} INFO - Setting next_dagrun for example_sensor_decorator to None, run_after=None
[2023-04-01T21:06:40.232+0000] {processor.py:175} INFO - Processing /home/airflow/.local/lib/python3.7/site-packages/airflow/example_dags/example_sensor_decorator.py took 0.148 seconds
[2023-04-01T21:07:10.389+0000] {processor.py:153} INFO - Started process (PID=171) to work on /home/airflow/.local/lib/python3.7/site-packages/airflow/example_dags/example_sensor_decorator.py
[2023-04-01T21:07:10.391+0000] {processor.py:743} INFO - Processing file /home/airflow/.local/lib/python3.7/site-packages/airflow/example_dags/example_sensor_decorator.py for tasks to queue
[2023-04-01T21:07:10.392+0000] {logging_mixin.py:137} INFO - [2023-04-01T21:07:10.392+0000] {dagbag.py:532} INFO - Filling up the DagBag from /home/airflow/.local/lib/python3.7/site-packages/airflow/example_dags/example_sensor_decorator.py
[2023-04-01T21:07:10.449+0000] {processor.py:753} INFO - DAG(s) dict_keys(['example_sensor_decorator']) retrieved from /home/airflow/.local/lib/python3.7/site-packages/airflow/example_dags/example_sensor_decorator.py
[2023-04-01T21:07:10.498+0000] {logging_mixin.py:137} INFO - [2023-04-01T21:07:10.498+0000] {dag.py:2705} INFO - Sync 1 DAGs
[2023-04-01T21:07:10.553+0000] {logging_mixin.py:137} INFO - [2023-04-01T21:07:10.552+0000] {dag.py:3456} INFO - Setting next_dagrun for example_sensor_decorator to None, run_after=None
[2023-04-01T21:07:10.589+0000] {processor.py:175} INFO - Processing /home/airflow/.local/lib/python3.7/site-packages/airflow/example_dags/example_sensor_decorator.py took 0.225 seconds
[2023-04-01T21:07:40.885+0000] {processor.py:153} INFO - Started process (PID=222) to work on /home/airflow/.local/lib/python3.7/site-packages/airflow/example_dags/example_sensor_decorator.py
[2023-04-01T21:07:40.887+0000] {processor.py:743} INFO - Processing file /home/airflow/.local/lib/python3.7/site-packages/airflow/example_dags/example_sensor_decorator.py for tasks to queue
[2023-04-01T21:07:40.888+0000] {logging_mixin.py:137} INFO - [2023-04-01T21:07:40.888+0000] {dagbag.py:532} INFO - Filling up the DagBag from /home/airflow/.local/lib/python3.7/site-packages/airflow/example_dags/example_sensor_decorator.py
[2023-04-01T21:07:40.940+0000] {processor.py:753} INFO - DAG(s) dict_keys(['example_sensor_decorator']) retrieved from /home/airflow/.local/lib/python3.7/site-packages/airflow/example_dags/example_sensor_decorator.py
[2023-04-01T21:07:40.999+0000] {logging_mixin.py:137} INFO - [2023-04-01T21:07:40.999+0000] {dag.py:2705} INFO - Sync 1 DAGs
[2023-04-01T21:07:41.061+0000] {logging_mixin.py:137} INFO - [2023-04-01T21:07:41.060+0000] {dag.py:3456} INFO - Setting next_dagrun for example_sensor_decorator to None, run_after=None
[2023-04-01T21:07:41.095+0000] {processor.py:175} INFO - Processing /home/airflow/.local/lib/python3.7/site-packages/airflow/example_dags/example_sensor_decorator.py took 0.219 seconds
