[2023-04-01T21:06:12.550+0000] {processor.py:153} INFO - Started process (PID=78) to work on /home/airflow/.local/lib/python3.7/site-packages/airflow/example_dags/example_branch_datetime_operator.py
[2023-04-01T21:06:12.552+0000] {processor.py:743} INFO - Processing file /home/airflow/.local/lib/python3.7/site-packages/airflow/example_dags/example_branch_datetime_operator.py for tasks to queue
[2023-04-01T21:06:12.553+0000] {logging_mixin.py:137} INFO - [2023-04-01T21:06:12.552+0000] {dagbag.py:532} INFO - Filling up the DagBag from /home/airflow/.local/lib/python3.7/site-packages/airflow/example_dags/example_branch_datetime_operator.py
[2023-04-01T21:06:12.593+0000] {processor.py:753} INFO - DAG(s) dict_keys(['example_branch_datetime_operator_3', 'example_branch_datetime_operator_2', 'example_branch_datetime_operator']) retrieved from /home/airflow/.local/lib/python3.7/site-packages/airflow/example_dags/example_branch_datetime_operator.py
[2023-04-01T21:06:12.689+0000] {logging_mixin.py:137} INFO - [2023-04-01T21:06:12.689+0000] {dag.py:2705} INFO - Sync 3 DAGs
[2023-04-01T21:06:12.787+0000] {logging_mixin.py:137} INFO - [2023-04-01T21:06:12.786+0000] {dag.py:3456} INFO - Setting next_dagrun for example_branch_datetime_operator to 2023-03-31T00:00:00+00:00, run_after=2023-04-01T00:00:00+00:00
[2023-04-01T21:06:12.806+0000] {logging_mixin.py:137} INFO - [2023-04-01T21:06:12.805+0000] {dag.py:3456} INFO - Setting next_dagrun for example_branch_datetime_operator_2 to 2023-03-31T00:00:00+00:00, run_after=2023-04-01T00:00:00+00:00
[2023-04-01T21:06:12.811+0000] {logging_mixin.py:137} INFO - [2023-04-01T21:06:12.811+0000] {dag.py:3456} INFO - Setting next_dagrun for example_branch_datetime_operator_3 to 2023-03-31T00:00:00+00:00, run_after=2023-04-01T00:00:00+00:00
[2023-04-01T21:06:12.914+0000] {processor.py:175} INFO - Processing /home/airflow/.local/lib/python3.7/site-packages/airflow/example_dags/example_branch_datetime_operator.py took 0.371 seconds
[2023-04-01T21:06:43.040+0000] {processor.py:153} INFO - Started process (PID=128) to work on /home/airflow/.local/lib/python3.7/site-packages/airflow/example_dags/example_branch_datetime_operator.py
[2023-04-01T21:06:43.042+0000] {processor.py:743} INFO - Processing file /home/airflow/.local/lib/python3.7/site-packages/airflow/example_dags/example_branch_datetime_operator.py for tasks to queue
[2023-04-01T21:06:43.044+0000] {logging_mixin.py:137} INFO - [2023-04-01T21:06:43.043+0000] {dagbag.py:532} INFO - Filling up the DagBag from /home/airflow/.local/lib/python3.7/site-packages/airflow/example_dags/example_branch_datetime_operator.py
[2023-04-01T21:06:43.081+0000] {processor.py:753} INFO - DAG(s) dict_keys(['example_branch_datetime_operator_2', 'example_branch_datetime_operator_3', 'example_branch_datetime_operator']) retrieved from /home/airflow/.local/lib/python3.7/site-packages/airflow/example_dags/example_branch_datetime_operator.py
[2023-04-01T21:06:43.149+0000] {logging_mixin.py:137} INFO - [2023-04-01T21:06:43.149+0000] {dag.py:2705} INFO - Sync 3 DAGs
[2023-04-01T21:06:43.209+0000] {logging_mixin.py:137} INFO - [2023-04-01T21:06:43.208+0000] {dag.py:3456} INFO - Setting next_dagrun for example_branch_datetime_operator to 2023-03-31T00:00:00+00:00, run_after=2023-04-01T00:00:00+00:00
[2023-04-01T21:06:43.224+0000] {logging_mixin.py:137} INFO - [2023-04-01T21:06:43.224+0000] {dag.py:3456} INFO - Setting next_dagrun for example_branch_datetime_operator_2 to 2023-03-31T00:00:00+00:00, run_after=2023-04-01T00:00:00+00:00
[2023-04-01T21:06:43.229+0000] {logging_mixin.py:137} INFO - [2023-04-01T21:06:43.229+0000] {dag.py:3456} INFO - Setting next_dagrun for example_branch_datetime_operator_3 to 2023-03-31T00:00:00+00:00, run_after=2023-04-01T00:00:00+00:00
[2023-04-01T21:06:43.262+0000] {processor.py:175} INFO - Processing /home/airflow/.local/lib/python3.7/site-packages/airflow/example_dags/example_branch_datetime_operator.py took 0.229 seconds
[2023-04-01T21:07:13.677+0000] {processor.py:153} INFO - Started process (PID=180) to work on /home/airflow/.local/lib/python3.7/site-packages/airflow/example_dags/example_branch_datetime_operator.py
[2023-04-01T21:07:13.679+0000] {processor.py:743} INFO - Processing file /home/airflow/.local/lib/python3.7/site-packages/airflow/example_dags/example_branch_datetime_operator.py for tasks to queue
[2023-04-01T21:07:13.681+0000] {logging_mixin.py:137} INFO - [2023-04-01T21:07:13.680+0000] {dagbag.py:532} INFO - Filling up the DagBag from /home/airflow/.local/lib/python3.7/site-packages/airflow/example_dags/example_branch_datetime_operator.py
[2023-04-01T21:07:13.718+0000] {processor.py:753} INFO - DAG(s) dict_keys(['example_branch_datetime_operator_3', 'example_branch_datetime_operator', 'example_branch_datetime_operator_2']) retrieved from /home/airflow/.local/lib/python3.7/site-packages/airflow/example_dags/example_branch_datetime_operator.py
[2023-04-01T21:07:13.788+0000] {logging_mixin.py:137} INFO - [2023-04-01T21:07:13.788+0000] {dag.py:2705} INFO - Sync 3 DAGs
[2023-04-01T21:07:13.850+0000] {logging_mixin.py:137} INFO - [2023-04-01T21:07:13.849+0000] {dag.py:3456} INFO - Setting next_dagrun for example_branch_datetime_operator to 2023-03-31T00:00:00+00:00, run_after=2023-04-01T00:00:00+00:00
[2023-04-01T21:07:13.860+0000] {logging_mixin.py:137} INFO - [2023-04-01T21:07:13.860+0000] {dag.py:3456} INFO - Setting next_dagrun for example_branch_datetime_operator_2 to 2023-03-31T00:00:00+00:00, run_after=2023-04-01T00:00:00+00:00
[2023-04-01T21:07:13.866+0000] {logging_mixin.py:137} INFO - [2023-04-01T21:07:13.866+0000] {dag.py:3456} INFO - Setting next_dagrun for example_branch_datetime_operator_3 to 2023-03-31T00:00:00+00:00, run_after=2023-04-01T00:00:00+00:00
[2023-04-01T21:07:13.901+0000] {processor.py:175} INFO - Processing /home/airflow/.local/lib/python3.7/site-packages/airflow/example_dags/example_branch_datetime_operator.py took 0.231 seconds
[2023-04-01T21:07:44.259+0000] {processor.py:153} INFO - Started process (PID=231) to work on /home/airflow/.local/lib/python3.7/site-packages/airflow/example_dags/example_branch_datetime_operator.py
[2023-04-01T21:07:44.260+0000] {processor.py:743} INFO - Processing file /home/airflow/.local/lib/python3.7/site-packages/airflow/example_dags/example_branch_datetime_operator.py for tasks to queue
[2023-04-01T21:07:44.262+0000] {logging_mixin.py:137} INFO - [2023-04-01T21:07:44.261+0000] {dagbag.py:532} INFO - Filling up the DagBag from /home/airflow/.local/lib/python3.7/site-packages/airflow/example_dags/example_branch_datetime_operator.py
[2023-04-01T21:07:44.298+0000] {processor.py:753} INFO - DAG(s) dict_keys(['example_branch_datetime_operator_2', 'example_branch_datetime_operator_3', 'example_branch_datetime_operator']) retrieved from /home/airflow/.local/lib/python3.7/site-packages/airflow/example_dags/example_branch_datetime_operator.py
[2023-04-01T21:07:44.432+0000] {logging_mixin.py:137} INFO - [2023-04-01T21:07:44.431+0000] {dag.py:2705} INFO - Sync 3 DAGs
[2023-04-01T21:07:44.544+0000] {logging_mixin.py:137} INFO - [2023-04-01T21:07:44.544+0000] {dag.py:3456} INFO - Setting next_dagrun for example_branch_datetime_operator to 2023-03-31T00:00:00+00:00, run_after=2023-04-01T00:00:00+00:00
[2023-04-01T21:07:44.555+0000] {logging_mixin.py:137} INFO - [2023-04-01T21:07:44.555+0000] {dag.py:3456} INFO - Setting next_dagrun for example_branch_datetime_operator_2 to 2023-03-31T00:00:00+00:00, run_after=2023-04-01T00:00:00+00:00
[2023-04-01T21:07:44.561+0000] {logging_mixin.py:137} INFO - [2023-04-01T21:07:44.560+0000] {dag.py:3456} INFO - Setting next_dagrun for example_branch_datetime_operator_3 to 2023-03-31T00:00:00+00:00, run_after=2023-04-01T00:00:00+00:00
[2023-04-01T21:07:44.594+0000] {processor.py:175} INFO - Processing /home/airflow/.local/lib/python3.7/site-packages/airflow/example_dags/example_branch_datetime_operator.py took 0.342 seconds
