[2023-04-01T21:06:03.607+0000] {processor.py:153} INFO - Started process (PID=55) to work on /home/airflow/.local/lib/python3.7/site-packages/airflow/example_dags/example_latest_only_with_trigger.py
[2023-04-01T21:06:03.608+0000] {processor.py:743} INFO - Processing file /home/airflow/.local/lib/python3.7/site-packages/airflow/example_dags/example_latest_only_with_trigger.py for tasks to queue
[2023-04-01T21:06:03.610+0000] {logging_mixin.py:137} INFO - [2023-04-01T21:06:03.609+0000] {dagbag.py:532} INFO - Filling up the DagBag from /home/airflow/.local/lib/python3.7/site-packages/airflow/example_dags/example_latest_only_with_trigger.py
[2023-04-01T21:06:03.695+0000] {processor.py:753} INFO - DAG(s) dict_keys(['latest_only_with_trigger']) retrieved from /home/airflow/.local/lib/python3.7/site-packages/airflow/example_dags/example_latest_only_with_trigger.py
[2023-04-01T21:06:03.770+0000] {logging_mixin.py:137} INFO - [2023-04-01T21:06:03.770+0000] {dag.py:2705} INFO - Sync 1 DAGs
[2023-04-01T21:06:03.868+0000] {logging_mixin.py:137} INFO - [2023-04-01T21:06:03.868+0000] {dag.py:3456} INFO - Setting next_dagrun for latest_only_with_trigger to 2023-04-01T17:06:03.868118+00:00, run_after=2023-04-01T21:06:03.868118+00:00
[2023-04-01T21:06:04.006+0000] {processor.py:175} INFO - Processing /home/airflow/.local/lib/python3.7/site-packages/airflow/example_dags/example_latest_only_with_trigger.py took 0.415 seconds
[2023-04-01T21:06:34.341+0000] {processor.py:153} INFO - Started process (PID=105) to work on /home/airflow/.local/lib/python3.7/site-packages/airflow/example_dags/example_latest_only_with_trigger.py
[2023-04-01T21:06:34.343+0000] {processor.py:743} INFO - Processing file /home/airflow/.local/lib/python3.7/site-packages/airflow/example_dags/example_latest_only_with_trigger.py for tasks to queue
[2023-04-01T21:06:34.345+0000] {logging_mixin.py:137} INFO - [2023-04-01T21:06:34.344+0000] {dagbag.py:532} INFO - Filling up the DagBag from /home/airflow/.local/lib/python3.7/site-packages/airflow/example_dags/example_latest_only_with_trigger.py
[2023-04-01T21:06:34.373+0000] {processor.py:753} INFO - DAG(s) dict_keys(['latest_only_with_trigger']) retrieved from /home/airflow/.local/lib/python3.7/site-packages/airflow/example_dags/example_latest_only_with_trigger.py
[2023-04-01T21:06:34.424+0000] {logging_mixin.py:137} INFO - [2023-04-01T21:06:34.424+0000] {dag.py:2705} INFO - Sync 1 DAGs
[2023-04-01T21:06:34.463+0000] {logging_mixin.py:137} INFO - [2023-04-01T21:06:34.463+0000] {dag.py:3456} INFO - Setting next_dagrun for latest_only_with_trigger to 2023-04-01T17:06:34.463210+00:00, run_after=2023-04-01T21:06:34.463210+00:00
[2023-04-01T21:06:34.491+0000] {processor.py:175} INFO - Processing /home/airflow/.local/lib/python3.7/site-packages/airflow/example_dags/example_latest_only_with_trigger.py took 0.157 seconds
[2023-04-01T21:07:04.772+0000] {processor.py:153} INFO - Started process (PID=157) to work on /home/airflow/.local/lib/python3.7/site-packages/airflow/example_dags/example_latest_only_with_trigger.py
[2023-04-01T21:07:04.774+0000] {processor.py:743} INFO - Processing file /home/airflow/.local/lib/python3.7/site-packages/airflow/example_dags/example_latest_only_with_trigger.py for tasks to queue
[2023-04-01T21:07:04.776+0000] {logging_mixin.py:137} INFO - [2023-04-01T21:07:04.776+0000] {dagbag.py:532} INFO - Filling up the DagBag from /home/airflow/.local/lib/python3.7/site-packages/airflow/example_dags/example_latest_only_with_trigger.py
[2023-04-01T21:07:04.808+0000] {processor.py:753} INFO - DAG(s) dict_keys(['latest_only_with_trigger']) retrieved from /home/airflow/.local/lib/python3.7/site-packages/airflow/example_dags/example_latest_only_with_trigger.py
[2023-04-01T21:07:04.863+0000] {logging_mixin.py:137} INFO - [2023-04-01T21:07:04.862+0000] {dag.py:2705} INFO - Sync 1 DAGs
[2023-04-01T21:07:04.908+0000] {logging_mixin.py:137} INFO - [2023-04-01T21:07:04.908+0000] {dag.py:3456} INFO - Setting next_dagrun for latest_only_with_trigger to 2023-04-01T17:07:04.907596+00:00, run_after=2023-04-01T21:07:04.907596+00:00
[2023-04-01T21:07:04.941+0000] {processor.py:175} INFO - Processing /home/airflow/.local/lib/python3.7/site-packages/airflow/example_dags/example_latest_only_with_trigger.py took 0.177 seconds
[2023-04-01T21:07:35.325+0000] {processor.py:153} INFO - Started process (PID=208) to work on /home/airflow/.local/lib/python3.7/site-packages/airflow/example_dags/example_latest_only_with_trigger.py
[2023-04-01T21:07:35.327+0000] {processor.py:743} INFO - Processing file /home/airflow/.local/lib/python3.7/site-packages/airflow/example_dags/example_latest_only_with_trigger.py for tasks to queue
[2023-04-01T21:07:35.328+0000] {logging_mixin.py:137} INFO - [2023-04-01T21:07:35.328+0000] {dagbag.py:532} INFO - Filling up the DagBag from /home/airflow/.local/lib/python3.7/site-packages/airflow/example_dags/example_latest_only_with_trigger.py
[2023-04-01T21:07:35.353+0000] {processor.py:753} INFO - DAG(s) dict_keys(['latest_only_with_trigger']) retrieved from /home/airflow/.local/lib/python3.7/site-packages/airflow/example_dags/example_latest_only_with_trigger.py
[2023-04-01T21:07:35.394+0000] {logging_mixin.py:137} INFO - [2023-04-01T21:07:35.394+0000] {dag.py:2705} INFO - Sync 1 DAGs
[2023-04-01T21:07:35.441+0000] {logging_mixin.py:137} INFO - [2023-04-01T21:07:35.440+0000] {dag.py:3456} INFO - Setting next_dagrun for latest_only_with_trigger to 2023-04-01T17:07:35.440410+00:00, run_after=2023-04-01T21:07:35.440410+00:00
[2023-04-01T21:07:35.468+0000] {processor.py:175} INFO - Processing /home/airflow/.local/lib/python3.7/site-packages/airflow/example_dags/example_latest_only_with_trigger.py took 0.150 seconds
