[2023-04-01T21:06:11.585+0000] {processor.py:153} INFO - Started process (PID=75) to work on /home/airflow/.local/lib/python3.7/site-packages/airflow/example_dags/example_branch_day_of_week_operator.py
[2023-04-01T21:06:11.586+0000] {processor.py:743} INFO - Processing file /home/airflow/.local/lib/python3.7/site-packages/airflow/example_dags/example_branch_day_of_week_operator.py for tasks to queue
[2023-04-01T21:06:11.592+0000] {logging_mixin.py:137} INFO - [2023-04-01T21:06:11.592+0000] {dagbag.py:532} INFO - Filling up the DagBag from /home/airflow/.local/lib/python3.7/site-packages/airflow/example_dags/example_branch_day_of_week_operator.py
[2023-04-01T21:06:11.658+0000] {processor.py:753} INFO - DAG(s) dict_keys(['example_weekday_branch_operator']) retrieved from /home/airflow/.local/lib/python3.7/site-packages/airflow/example_dags/example_branch_day_of_week_operator.py
[2023-04-01T21:06:11.750+0000] {logging_mixin.py:137} INFO - [2023-04-01T21:06:11.750+0000] {dag.py:2705} INFO - Sync 1 DAGs
[2023-04-01T21:06:11.887+0000] {logging_mixin.py:137} INFO - [2023-04-01T21:06:11.886+0000] {dag.py:3456} INFO - Setting next_dagrun for example_weekday_branch_operator to 2023-03-31T00:00:00+00:00, run_after=2023-04-01T00:00:00+00:00
[2023-04-01T21:06:11.976+0000] {processor.py:175} INFO - Processing /home/airflow/.local/lib/python3.7/site-packages/airflow/example_dags/example_branch_day_of_week_operator.py took 0.418 seconds
[2023-04-01T21:06:42.601+0000] {processor.py:153} INFO - Started process (PID=125) to work on /home/airflow/.local/lib/python3.7/site-packages/airflow/example_dags/example_branch_day_of_week_operator.py
[2023-04-01T21:06:42.604+0000] {processor.py:743} INFO - Processing file /home/airflow/.local/lib/python3.7/site-packages/airflow/example_dags/example_branch_day_of_week_operator.py for tasks to queue
[2023-04-01T21:06:42.605+0000] {logging_mixin.py:137} INFO - [2023-04-01T21:06:42.605+0000] {dagbag.py:532} INFO - Filling up the DagBag from /home/airflow/.local/lib/python3.7/site-packages/airflow/example_dags/example_branch_day_of_week_operator.py
[2023-04-01T21:06:42.637+0000] {processor.py:753} INFO - DAG(s) dict_keys(['example_weekday_branch_operator']) retrieved from /home/airflow/.local/lib/python3.7/site-packages/airflow/example_dags/example_branch_day_of_week_operator.py
[2023-04-01T21:06:42.693+0000] {logging_mixin.py:137} INFO - [2023-04-01T21:06:42.693+0000] {dag.py:2705} INFO - Sync 1 DAGs
[2023-04-01T21:06:42.753+0000] {logging_mixin.py:137} INFO - [2023-04-01T21:06:42.752+0000] {dag.py:3456} INFO - Setting next_dagrun for example_weekday_branch_operator to 2023-03-31T00:00:00+00:00, run_after=2023-04-01T00:00:00+00:00
[2023-04-01T21:06:42.788+0000] {processor.py:175} INFO - Processing /home/airflow/.local/lib/python3.7/site-packages/airflow/example_dags/example_branch_day_of_week_operator.py took 0.195 seconds
[2023-04-01T21:07:13.159+0000] {processor.py:153} INFO - Started process (PID=177) to work on /home/airflow/.local/lib/python3.7/site-packages/airflow/example_dags/example_branch_day_of_week_operator.py
[2023-04-01T21:07:13.161+0000] {processor.py:743} INFO - Processing file /home/airflow/.local/lib/python3.7/site-packages/airflow/example_dags/example_branch_day_of_week_operator.py for tasks to queue
[2023-04-01T21:07:13.162+0000] {logging_mixin.py:137} INFO - [2023-04-01T21:07:13.162+0000] {dagbag.py:532} INFO - Filling up the DagBag from /home/airflow/.local/lib/python3.7/site-packages/airflow/example_dags/example_branch_day_of_week_operator.py
[2023-04-01T21:07:13.196+0000] {processor.py:753} INFO - DAG(s) dict_keys(['example_weekday_branch_operator']) retrieved from /home/airflow/.local/lib/python3.7/site-packages/airflow/example_dags/example_branch_day_of_week_operator.py
[2023-04-01T21:07:13.253+0000] {logging_mixin.py:137} INFO - [2023-04-01T21:07:13.253+0000] {dag.py:2705} INFO - Sync 1 DAGs
[2023-04-01T21:07:13.311+0000] {logging_mixin.py:137} INFO - [2023-04-01T21:07:13.311+0000] {dag.py:3456} INFO - Setting next_dagrun for example_weekday_branch_operator to 2023-03-31T00:00:00+00:00, run_after=2023-04-01T00:00:00+00:00
[2023-04-01T21:07:13.349+0000] {processor.py:175} INFO - Processing /home/airflow/.local/lib/python3.7/site-packages/airflow/example_dags/example_branch_day_of_week_operator.py took 0.198 seconds
[2023-04-01T21:07:43.741+0000] {processor.py:153} INFO - Started process (PID=228) to work on /home/airflow/.local/lib/python3.7/site-packages/airflow/example_dags/example_branch_day_of_week_operator.py
[2023-04-01T21:07:43.742+0000] {processor.py:743} INFO - Processing file /home/airflow/.local/lib/python3.7/site-packages/airflow/example_dags/example_branch_day_of_week_operator.py for tasks to queue
[2023-04-01T21:07:43.744+0000] {logging_mixin.py:137} INFO - [2023-04-01T21:07:43.743+0000] {dagbag.py:532} INFO - Filling up the DagBag from /home/airflow/.local/lib/python3.7/site-packages/airflow/example_dags/example_branch_day_of_week_operator.py
[2023-04-01T21:07:43.777+0000] {processor.py:753} INFO - DAG(s) dict_keys(['example_weekday_branch_operator']) retrieved from /home/airflow/.local/lib/python3.7/site-packages/airflow/example_dags/example_branch_day_of_week_operator.py
[2023-04-01T21:07:43.836+0000] {logging_mixin.py:137} INFO - [2023-04-01T21:07:43.835+0000] {dag.py:2705} INFO - Sync 1 DAGs
[2023-04-01T21:07:43.894+0000] {logging_mixin.py:137} INFO - [2023-04-01T21:07:43.894+0000] {dag.py:3456} INFO - Setting next_dagrun for example_weekday_branch_operator to 2023-03-31T00:00:00+00:00, run_after=2023-04-01T00:00:00+00:00
[2023-04-01T21:07:43.933+0000] {processor.py:175} INFO - Processing /home/airflow/.local/lib/python3.7/site-packages/airflow/example_dags/example_branch_day_of_week_operator.py took 0.200 seconds
