[2023-04-01T21:06:01.640+0000] {processor.py:153} INFO - Started process (PID=51) to work on /home/airflow/.local/lib/python3.7/site-packages/airflow/example_dags/example_trigger_target_dag.py
[2023-04-01T21:06:01.642+0000] {processor.py:743} INFO - Processing file /home/airflow/.local/lib/python3.7/site-packages/airflow/example_dags/example_trigger_target_dag.py for tasks to queue
[2023-04-01T21:06:01.647+0000] {logging_mixin.py:137} INFO - [2023-04-01T21:06:01.647+0000] {dagbag.py:532} INFO - Filling up the DagBag from /home/airflow/.local/lib/python3.7/site-packages/airflow/example_dags/example_trigger_target_dag.py
[2023-04-01T21:06:01.817+0000] {processor.py:753} INFO - DAG(s) dict_keys(['example_trigger_target_dag']) retrieved from /home/airflow/.local/lib/python3.7/site-packages/airflow/example_dags/example_trigger_target_dag.py
[2023-04-01T21:06:01.948+0000] {logging_mixin.py:137} INFO - [2023-04-01T21:06:01.947+0000] {dag.py:2705} INFO - Sync 1 DAGs
[2023-04-01T21:06:02.244+0000] {logging_mixin.py:137} INFO - [2023-04-01T21:06:02.240+0000] {dag.py:3456} INFO - Setting next_dagrun for example_trigger_target_dag to None, run_after=None
[2023-04-01T21:06:02.573+0000] {processor.py:175} INFO - Processing /home/airflow/.local/lib/python3.7/site-packages/airflow/example_dags/example_trigger_target_dag.py took 0.963 seconds
[2023-04-01T21:06:32.810+0000] {processor.py:153} INFO - Started process (PID=101) to work on /home/airflow/.local/lib/python3.7/site-packages/airflow/example_dags/example_trigger_target_dag.py
[2023-04-01T21:06:32.814+0000] {processor.py:743} INFO - Processing file /home/airflow/.local/lib/python3.7/site-packages/airflow/example_dags/example_trigger_target_dag.py for tasks to queue
[2023-04-01T21:06:32.816+0000] {logging_mixin.py:137} INFO - [2023-04-01T21:06:32.816+0000] {dagbag.py:532} INFO - Filling up the DagBag from /home/airflow/.local/lib/python3.7/site-packages/airflow/example_dags/example_trigger_target_dag.py
[2023-04-01T21:06:32.870+0000] {processor.py:753} INFO - DAG(s) dict_keys(['example_trigger_target_dag']) retrieved from /home/airflow/.local/lib/python3.7/site-packages/airflow/example_dags/example_trigger_target_dag.py
[2023-04-01T21:06:32.932+0000] {logging_mixin.py:137} INFO - [2023-04-01T21:06:32.932+0000] {dag.py:2705} INFO - Sync 1 DAGs
[2023-04-01T21:06:32.998+0000] {logging_mixin.py:137} INFO - [2023-04-01T21:06:32.997+0000] {dag.py:3456} INFO - Setting next_dagrun for example_trigger_target_dag to None, run_after=None
[2023-04-01T21:06:33.040+0000] {processor.py:175} INFO - Processing /home/airflow/.local/lib/python3.7/site-packages/airflow/example_dags/example_trigger_target_dag.py took 0.239 seconds
[2023-04-01T21:07:03.132+0000] {processor.py:153} INFO - Started process (PID=153) to work on /home/airflow/.local/lib/python3.7/site-packages/airflow/example_dags/example_trigger_target_dag.py
[2023-04-01T21:07:03.134+0000] {processor.py:743} INFO - Processing file /home/airflow/.local/lib/python3.7/site-packages/airflow/example_dags/example_trigger_target_dag.py for tasks to queue
[2023-04-01T21:07:03.135+0000] {logging_mixin.py:137} INFO - [2023-04-01T21:07:03.135+0000] {dagbag.py:532} INFO - Filling up the DagBag from /home/airflow/.local/lib/python3.7/site-packages/airflow/example_dags/example_trigger_target_dag.py
[2023-04-01T21:07:03.179+0000] {processor.py:753} INFO - DAG(s) dict_keys(['example_trigger_target_dag']) retrieved from /home/airflow/.local/lib/python3.7/site-packages/airflow/example_dags/example_trigger_target_dag.py
[2023-04-01T21:07:03.235+0000] {logging_mixin.py:137} INFO - [2023-04-01T21:07:03.235+0000] {dag.py:2705} INFO - Sync 1 DAGs
[2023-04-01T21:07:03.290+0000] {logging_mixin.py:137} INFO - [2023-04-01T21:07:03.290+0000] {dag.py:3456} INFO - Setting next_dagrun for example_trigger_target_dag to None, run_after=None
[2023-04-01T21:07:03.327+0000] {processor.py:175} INFO - Processing /home/airflow/.local/lib/python3.7/site-packages/airflow/example_dags/example_trigger_target_dag.py took 0.202 seconds
[2023-04-01T21:07:33.729+0000] {processor.py:153} INFO - Started process (PID=204) to work on /home/airflow/.local/lib/python3.7/site-packages/airflow/example_dags/example_trigger_target_dag.py
[2023-04-01T21:07:33.731+0000] {processor.py:743} INFO - Processing file /home/airflow/.local/lib/python3.7/site-packages/airflow/example_dags/example_trigger_target_dag.py for tasks to queue
[2023-04-01T21:07:33.732+0000] {logging_mixin.py:137} INFO - [2023-04-01T21:07:33.732+0000] {dagbag.py:532} INFO - Filling up the DagBag from /home/airflow/.local/lib/python3.7/site-packages/airflow/example_dags/example_trigger_target_dag.py
[2023-04-01T21:07:33.794+0000] {processor.py:753} INFO - DAG(s) dict_keys(['example_trigger_target_dag']) retrieved from /home/airflow/.local/lib/python3.7/site-packages/airflow/example_dags/example_trigger_target_dag.py
[2023-04-01T21:07:33.876+0000] {logging_mixin.py:137} INFO - [2023-04-01T21:07:33.876+0000] {dag.py:2705} INFO - Sync 1 DAGs
[2023-04-01T21:07:33.934+0000] {logging_mixin.py:137} INFO - [2023-04-01T21:07:33.934+0000] {dag.py:3456} INFO - Setting next_dagrun for example_trigger_target_dag to None, run_after=None
[2023-04-01T21:07:33.974+0000] {processor.py:175} INFO - Processing /home/airflow/.local/lib/python3.7/site-packages/airflow/example_dags/example_trigger_target_dag.py took 0.253 seconds
