[2023-04-01T21:06:04.732+0000] {processor.py:153} INFO - Started process (PID=58) to work on /home/airflow/.local/lib/python3.7/site-packages/airflow/example_dags/example_sla_dag.py
[2023-04-01T21:06:04.733+0000] {processor.py:743} INFO - Processing file /home/airflow/.local/lib/python3.7/site-packages/airflow/example_dags/example_sla_dag.py for tasks to queue
[2023-04-01T21:06:04.734+0000] {logging_mixin.py:137} INFO - [2023-04-01T21:06:04.734+0000] {dagbag.py:532} INFO - Filling up the DagBag from /home/airflow/.local/lib/python3.7/site-packages/airflow/example_dags/example_sla_dag.py
[2023-04-01T21:06:04.923+0000] {processor.py:753} INFO - DAG(s) dict_keys(['example_sla_dag']) retrieved from /home/airflow/.local/lib/python3.7/site-packages/airflow/example_dags/example_sla_dag.py
[2023-04-01T21:06:05.056+0000] {logging_mixin.py:137} INFO - [2023-04-01T21:06:05.056+0000] {dag.py:2705} INFO - Sync 1 DAGs
[2023-04-01T21:06:05.211+0000] {logging_mixin.py:137} INFO - [2023-04-01T21:06:05.211+0000] {dag.py:3456} INFO - Setting next_dagrun for example_sla_dag to 2023-04-01T21:04:00+00:00, run_after=2023-04-01T21:06:00+00:00
[2023-04-01T21:06:05.350+0000] {processor.py:175} INFO - Processing /home/airflow/.local/lib/python3.7/site-packages/airflow/example_dags/example_sla_dag.py took 0.652 seconds
[2023-04-01T21:06:35.674+0000] {processor.py:153} INFO - Started process (PID=108) to work on /home/airflow/.local/lib/python3.7/site-packages/airflow/example_dags/example_sla_dag.py
[2023-04-01T21:06:35.676+0000] {processor.py:743} INFO - Processing file /home/airflow/.local/lib/python3.7/site-packages/airflow/example_dags/example_sla_dag.py for tasks to queue
[2023-04-01T21:06:35.677+0000] {logging_mixin.py:137} INFO - [2023-04-01T21:06:35.677+0000] {dagbag.py:532} INFO - Filling up the DagBag from /home/airflow/.local/lib/python3.7/site-packages/airflow/example_dags/example_sla_dag.py
[2023-04-01T21:06:35.713+0000] {processor.py:753} INFO - DAG(s) dict_keys(['example_sla_dag']) retrieved from /home/airflow/.local/lib/python3.7/site-packages/airflow/example_dags/example_sla_dag.py
[2023-04-01T21:06:35.754+0000] {logging_mixin.py:137} INFO - [2023-04-01T21:06:35.754+0000] {dag.py:2705} INFO - Sync 1 DAGs
[2023-04-01T21:06:35.798+0000] {logging_mixin.py:137} INFO - [2023-04-01T21:06:35.798+0000] {dag.py:3456} INFO - Setting next_dagrun for example_sla_dag to 2023-04-01T21:04:00+00:00, run_after=2023-04-01T21:06:00+00:00
[2023-04-01T21:06:35.825+0000] {processor.py:175} INFO - Processing /home/airflow/.local/lib/python3.7/site-packages/airflow/example_dags/example_sla_dag.py took 0.156 seconds
[2023-04-01T21:07:06.075+0000] {processor.py:153} INFO - Started process (PID=160) to work on /home/airflow/.local/lib/python3.7/site-packages/airflow/example_dags/example_sla_dag.py
[2023-04-01T21:07:06.077+0000] {processor.py:743} INFO - Processing file /home/airflow/.local/lib/python3.7/site-packages/airflow/example_dags/example_sla_dag.py for tasks to queue
[2023-04-01T21:07:06.078+0000] {logging_mixin.py:137} INFO - [2023-04-01T21:07:06.078+0000] {dagbag.py:532} INFO - Filling up the DagBag from /home/airflow/.local/lib/python3.7/site-packages/airflow/example_dags/example_sla_dag.py
[2023-04-01T21:07:06.117+0000] {processor.py:753} INFO - DAG(s) dict_keys(['example_sla_dag']) retrieved from /home/airflow/.local/lib/python3.7/site-packages/airflow/example_dags/example_sla_dag.py
[2023-04-01T21:07:06.158+0000] {logging_mixin.py:137} INFO - [2023-04-01T21:07:06.157+0000] {dag.py:2705} INFO - Sync 1 DAGs
[2023-04-01T21:07:06.202+0000] {logging_mixin.py:137} INFO - [2023-04-01T21:07:06.201+0000] {dag.py:3456} INFO - Setting next_dagrun for example_sla_dag to 2023-04-01T21:04:00+00:00, run_after=2023-04-01T21:06:00+00:00
[2023-04-01T21:07:06.228+0000] {processor.py:175} INFO - Processing /home/airflow/.local/lib/python3.7/site-packages/airflow/example_dags/example_sla_dag.py took 0.159 seconds
[2023-04-01T21:07:36.600+0000] {processor.py:153} INFO - Started process (PID=211) to work on /home/airflow/.local/lib/python3.7/site-packages/airflow/example_dags/example_sla_dag.py
[2023-04-01T21:07:36.602+0000] {processor.py:743} INFO - Processing file /home/airflow/.local/lib/python3.7/site-packages/airflow/example_dags/example_sla_dag.py for tasks to queue
[2023-04-01T21:07:36.603+0000] {logging_mixin.py:137} INFO - [2023-04-01T21:07:36.603+0000] {dagbag.py:532} INFO - Filling up the DagBag from /home/airflow/.local/lib/python3.7/site-packages/airflow/example_dags/example_sla_dag.py
[2023-04-01T21:07:36.651+0000] {processor.py:753} INFO - DAG(s) dict_keys(['example_sla_dag']) retrieved from /home/airflow/.local/lib/python3.7/site-packages/airflow/example_dags/example_sla_dag.py
[2023-04-01T21:07:36.702+0000] {logging_mixin.py:137} INFO - [2023-04-01T21:07:36.702+0000] {dag.py:2705} INFO - Sync 1 DAGs
[2023-04-01T21:07:36.797+0000] {logging_mixin.py:137} INFO - [2023-04-01T21:07:36.793+0000] {dag.py:3456} INFO - Setting next_dagrun for example_sla_dag to 2023-04-01T21:04:00+00:00, run_after=2023-04-01T21:06:00+00:00
[2023-04-01T21:07:36.845+0000] {processor.py:175} INFO - Processing /home/airflow/.local/lib/python3.7/site-packages/airflow/example_dags/example_sla_dag.py took 0.253 seconds
