[2023-04-01T21:05:59.033+0000] {processor.py:153} INFO - Started process (PID=46) to work on /home/airflow/.local/lib/python3.7/site-packages/airflow/example_dags/example_branch_operator.py
[2023-04-01T21:05:59.051+0000] {processor.py:743} INFO - Processing file /home/airflow/.local/lib/python3.7/site-packages/airflow/example_dags/example_branch_operator.py for tasks to queue
[2023-04-01T21:05:59.053+0000] {logging_mixin.py:137} INFO - [2023-04-01T21:05:59.052+0000] {dagbag.py:532} INFO - Filling up the DagBag from /home/airflow/.local/lib/python3.7/site-packages/airflow/example_dags/example_branch_operator.py
[2023-04-01T21:05:59.474+0000] {processor.py:753} INFO - DAG(s) dict_keys(['example_branch_operator']) retrieved from /home/airflow/.local/lib/python3.7/site-packages/airflow/example_dags/example_branch_operator.py
[2023-04-01T21:05:59.820+0000] {logging_mixin.py:137} INFO - [2023-04-01T21:05:59.819+0000] {dag.py:2705} INFO - Sync 1 DAGs
[2023-04-01T21:05:59.957+0000] {logging_mixin.py:137} INFO - [2023-04-01T21:05:59.957+0000] {dag.py:3456} INFO - Setting next_dagrun for example_branch_operator to 2023-03-31T00:00:00+00:00, run_after=2023-04-01T00:00:00+00:00
[2023-04-01T21:06:00.081+0000] {processor.py:175} INFO - Processing /home/airflow/.local/lib/python3.7/site-packages/airflow/example_dags/example_branch_operator.py took 1.087 seconds
[2023-04-01T21:06:30.186+0000] {processor.py:153} INFO - Started process (PID=96) to work on /home/airflow/.local/lib/python3.7/site-packages/airflow/example_dags/example_branch_operator.py
[2023-04-01T21:06:30.189+0000] {processor.py:743} INFO - Processing file /home/airflow/.local/lib/python3.7/site-packages/airflow/example_dags/example_branch_operator.py for tasks to queue
[2023-04-01T21:06:30.190+0000] {logging_mixin.py:137} INFO - [2023-04-01T21:06:30.190+0000] {dagbag.py:532} INFO - Filling up the DagBag from /home/airflow/.local/lib/python3.7/site-packages/airflow/example_dags/example_branch_operator.py
[2023-04-01T21:06:30.230+0000] {processor.py:753} INFO - DAG(s) dict_keys(['example_branch_operator']) retrieved from /home/airflow/.local/lib/python3.7/site-packages/airflow/example_dags/example_branch_operator.py
[2023-04-01T21:06:30.296+0000] {logging_mixin.py:137} INFO - [2023-04-01T21:06:30.296+0000] {dag.py:2705} INFO - Sync 1 DAGs
[2023-04-01T21:06:30.360+0000] {logging_mixin.py:137} INFO - [2023-04-01T21:06:30.360+0000] {dag.py:3456} INFO - Setting next_dagrun for example_branch_operator to 2023-03-31T00:00:00+00:00, run_after=2023-04-01T00:00:00+00:00
[2023-04-01T21:06:30.398+0000] {processor.py:175} INFO - Processing /home/airflow/.local/lib/python3.7/site-packages/airflow/example_dags/example_branch_operator.py took 0.218 seconds
[2023-04-01T21:07:00.580+0000] {processor.py:153} INFO - Started process (PID=148) to work on /home/airflow/.local/lib/python3.7/site-packages/airflow/example_dags/example_branch_operator.py
[2023-04-01T21:07:00.585+0000] {processor.py:743} INFO - Processing file /home/airflow/.local/lib/python3.7/site-packages/airflow/example_dags/example_branch_operator.py for tasks to queue
[2023-04-01T21:07:00.588+0000] {logging_mixin.py:137} INFO - [2023-04-01T21:07:00.587+0000] {dagbag.py:532} INFO - Filling up the DagBag from /home/airflow/.local/lib/python3.7/site-packages/airflow/example_dags/example_branch_operator.py
[2023-04-01T21:07:00.630+0000] {processor.py:753} INFO - DAG(s) dict_keys(['example_branch_operator']) retrieved from /home/airflow/.local/lib/python3.7/site-packages/airflow/example_dags/example_branch_operator.py
[2023-04-01T21:07:00.706+0000] {logging_mixin.py:137} INFO - [2023-04-01T21:07:00.706+0000] {dag.py:2705} INFO - Sync 1 DAGs
[2023-04-01T21:07:00.780+0000] {logging_mixin.py:137} INFO - [2023-04-01T21:07:00.780+0000] {dag.py:3456} INFO - Setting next_dagrun for example_branch_operator to 2023-03-31T00:00:00+00:00, run_after=2023-04-01T00:00:00+00:00
[2023-04-01T21:07:00.822+0000] {processor.py:175} INFO - Processing /home/airflow/.local/lib/python3.7/site-packages/airflow/example_dags/example_branch_operator.py took 0.250 seconds
[2023-04-01T21:07:31.139+0000] {processor.py:153} INFO - Started process (PID=199) to work on /home/airflow/.local/lib/python3.7/site-packages/airflow/example_dags/example_branch_operator.py
[2023-04-01T21:07:31.141+0000] {processor.py:743} INFO - Processing file /home/airflow/.local/lib/python3.7/site-packages/airflow/example_dags/example_branch_operator.py for tasks to queue
[2023-04-01T21:07:31.142+0000] {logging_mixin.py:137} INFO - [2023-04-01T21:07:31.142+0000] {dagbag.py:532} INFO - Filling up the DagBag from /home/airflow/.local/lib/python3.7/site-packages/airflow/example_dags/example_branch_operator.py
[2023-04-01T21:07:31.179+0000] {processor.py:753} INFO - DAG(s) dict_keys(['example_branch_operator']) retrieved from /home/airflow/.local/lib/python3.7/site-packages/airflow/example_dags/example_branch_operator.py
[2023-04-01T21:07:31.240+0000] {logging_mixin.py:137} INFO - [2023-04-01T21:07:31.239+0000] {dag.py:2705} INFO - Sync 1 DAGs
[2023-04-01T21:07:31.300+0000] {logging_mixin.py:137} INFO - [2023-04-01T21:07:31.300+0000] {dag.py:3456} INFO - Setting next_dagrun for example_branch_operator to 2023-03-31T00:00:00+00:00, run_after=2023-04-01T00:00:00+00:00
[2023-04-01T21:07:31.336+0000] {processor.py:175} INFO - Processing /home/airflow/.local/lib/python3.7/site-packages/airflow/example_dags/example_branch_operator.py took 0.205 seconds
