[2023-04-01T21:06:11.483+0000] {processor.py:153} INFO - Started process (PID=74) to work on /home/airflow/.local/lib/python3.7/site-packages/airflow/example_dags/example_python_operator.py
[2023-04-01T21:06:11.485+0000] {processor.py:743} INFO - Processing file /home/airflow/.local/lib/python3.7/site-packages/airflow/example_dags/example_python_operator.py for tasks to queue
[2023-04-01T21:06:11.486+0000] {logging_mixin.py:137} INFO - [2023-04-01T21:06:11.486+0000] {dagbag.py:532} INFO - Filling up the DagBag from /home/airflow/.local/lib/python3.7/site-packages/airflow/example_dags/example_python_operator.py
[2023-04-01T21:06:11.545+0000] {logging_mixin.py:137} INFO - [2023-04-01T21:06:11.545+0000] {taskmixin.py:211} WARNING - Dependency <Task(_PythonDecoratedOperator): print_the_context>, log_sql_query already registered for DAG: example_python_operator
[2023-04-01T21:06:11.546+0000] {logging_mixin.py:137} INFO - [2023-04-01T21:06:11.546+0000] {taskmixin.py:211} WARNING - Dependency <Task(_PythonDecoratedOperator): log_sql_query>, print_the_context already registered for DAG: example_python_operator
[2023-04-01T21:06:11.549+0000] {logging_mixin.py:137} INFO - [2023-04-01T21:06:11.549+0000] {taskmixin.py:211} WARNING - Dependency <Task(_PythonDecoratedOperator): print_the_context>, log_sql_query already registered for DAG: example_python_operator
[2023-04-01T21:06:11.550+0000] {logging_mixin.py:137} INFO - [2023-04-01T21:06:11.550+0000] {taskmixin.py:211} WARNING - Dependency <Task(_PythonDecoratedOperator): log_sql_query>, print_the_context already registered for DAG: example_python_operator
[2023-04-01T21:06:11.551+0000] {logging_mixin.py:137} INFO - [2023-04-01T21:06:11.551+0000] {taskmixin.py:211} WARNING - Dependency <Task(_PythonDecoratedOperator): print_the_context>, log_sql_query already registered for DAG: example_python_operator
[2023-04-01T21:06:11.552+0000] {logging_mixin.py:137} INFO - [2023-04-01T21:06:11.552+0000] {taskmixin.py:211} WARNING - Dependency <Task(_PythonDecoratedOperator): log_sql_query>, print_the_context already registered for DAG: example_python_operator
[2023-04-01T21:06:11.553+0000] {logging_mixin.py:137} INFO - [2023-04-01T21:06:11.553+0000] {taskmixin.py:211} WARNING - Dependency <Task(_PythonDecoratedOperator): print_the_context>, log_sql_query already registered for DAG: example_python_operator
[2023-04-01T21:06:11.553+0000] {logging_mixin.py:137} INFO - [2023-04-01T21:06:11.553+0000] {taskmixin.py:211} WARNING - Dependency <Task(_PythonDecoratedOperator): log_sql_query>, print_the_context already registered for DAG: example_python_operator
[2023-04-01T21:06:11.601+0000] {processor.py:753} INFO - DAG(s) dict_keys(['example_python_operator']) retrieved from /home/airflow/.local/lib/python3.7/site-packages/airflow/example_dags/example_python_operator.py
[2023-04-01T21:06:11.936+0000] {logging_mixin.py:137} INFO - [2023-04-01T21:06:11.936+0000] {dag.py:2705} INFO - Sync 1 DAGs
[2023-04-01T21:06:12.031+0000] {logging_mixin.py:137} INFO - [2023-04-01T21:06:12.031+0000] {dag.py:3456} INFO - Setting next_dagrun for example_python_operator to None, run_after=None
[2023-04-01T21:06:12.162+0000] {processor.py:175} INFO - Processing /home/airflow/.local/lib/python3.7/site-packages/airflow/example_dags/example_python_operator.py took 0.685 seconds
[2023-04-01T21:06:42.591+0000] {processor.py:153} INFO - Started process (PID=124) to work on /home/airflow/.local/lib/python3.7/site-packages/airflow/example_dags/example_python_operator.py
[2023-04-01T21:06:42.593+0000] {processor.py:743} INFO - Processing file /home/airflow/.local/lib/python3.7/site-packages/airflow/example_dags/example_python_operator.py for tasks to queue
[2023-04-01T21:06:42.595+0000] {logging_mixin.py:137} INFO - [2023-04-01T21:06:42.594+0000] {dagbag.py:532} INFO - Filling up the DagBag from /home/airflow/.local/lib/python3.7/site-packages/airflow/example_dags/example_python_operator.py
[2023-04-01T21:06:42.633+0000] {logging_mixin.py:137} INFO - [2023-04-01T21:06:42.633+0000] {taskmixin.py:211} WARNING - Dependency <Task(_PythonDecoratedOperator): print_the_context>, log_sql_query already registered for DAG: example_python_operator
[2023-04-01T21:06:42.634+0000] {logging_mixin.py:137} INFO - [2023-04-01T21:06:42.634+0000] {taskmixin.py:211} WARNING - Dependency <Task(_PythonDecoratedOperator): log_sql_query>, print_the_context already registered for DAG: example_python_operator
[2023-04-01T21:06:42.635+0000] {logging_mixin.py:137} INFO - [2023-04-01T21:06:42.635+0000] {taskmixin.py:211} WARNING - Dependency <Task(_PythonDecoratedOperator): print_the_context>, log_sql_query already registered for DAG: example_python_operator
[2023-04-01T21:06:42.635+0000] {logging_mixin.py:137} INFO - [2023-04-01T21:06:42.635+0000] {taskmixin.py:211} WARNING - Dependency <Task(_PythonDecoratedOperator): log_sql_query>, print_the_context already registered for DAG: example_python_operator
[2023-04-01T21:06:42.637+0000] {logging_mixin.py:137} INFO - [2023-04-01T21:06:42.637+0000] {taskmixin.py:211} WARNING - Dependency <Task(_PythonDecoratedOperator): print_the_context>, log_sql_query already registered for DAG: example_python_operator
[2023-04-01T21:06:42.637+0000] {logging_mixin.py:137} INFO - [2023-04-01T21:06:42.637+0000] {taskmixin.py:211} WARNING - Dependency <Task(_PythonDecoratedOperator): log_sql_query>, print_the_context already registered for DAG: example_python_operator
[2023-04-01T21:06:42.638+0000] {logging_mixin.py:137} INFO - [2023-04-01T21:06:42.638+0000] {taskmixin.py:211} WARNING - Dependency <Task(_PythonDecoratedOperator): print_the_context>, log_sql_query already registered for DAG: example_python_operator
[2023-04-01T21:06:42.639+0000] {logging_mixin.py:137} INFO - [2023-04-01T21:06:42.639+0000] {taskmixin.py:211} WARNING - Dependency <Task(_PythonDecoratedOperator): log_sql_query>, print_the_context already registered for DAG: example_python_operator
[2023-04-01T21:06:42.652+0000] {processor.py:753} INFO - DAG(s) dict_keys(['example_python_operator']) retrieved from /home/airflow/.local/lib/python3.7/site-packages/airflow/example_dags/example_python_operator.py
[2023-04-01T21:06:42.714+0000] {logging_mixin.py:137} INFO - [2023-04-01T21:06:42.713+0000] {dag.py:2705} INFO - Sync 1 DAGs
[2023-04-01T21:06:42.767+0000] {logging_mixin.py:137} INFO - [2023-04-01T21:06:42.767+0000] {dag.py:3456} INFO - Setting next_dagrun for example_python_operator to None, run_after=None
[2023-04-01T21:06:42.803+0000] {processor.py:175} INFO - Processing /home/airflow/.local/lib/python3.7/site-packages/airflow/example_dags/example_python_operator.py took 0.219 seconds
[2023-04-01T21:07:13.147+0000] {processor.py:153} INFO - Started process (PID=176) to work on /home/airflow/.local/lib/python3.7/site-packages/airflow/example_dags/example_python_operator.py
[2023-04-01T21:07:13.149+0000] {processor.py:743} INFO - Processing file /home/airflow/.local/lib/python3.7/site-packages/airflow/example_dags/example_python_operator.py for tasks to queue
[2023-04-01T21:07:13.150+0000] {logging_mixin.py:137} INFO - [2023-04-01T21:07:13.150+0000] {dagbag.py:532} INFO - Filling up the DagBag from /home/airflow/.local/lib/python3.7/site-packages/airflow/example_dags/example_python_operator.py
[2023-04-01T21:07:13.188+0000] {logging_mixin.py:137} INFO - [2023-04-01T21:07:13.188+0000] {taskmixin.py:211} WARNING - Dependency <Task(_PythonDecoratedOperator): print_the_context>, log_sql_query already registered for DAG: example_python_operator
[2023-04-01T21:07:13.189+0000] {logging_mixin.py:137} INFO - [2023-04-01T21:07:13.189+0000] {taskmixin.py:211} WARNING - Dependency <Task(_PythonDecoratedOperator): log_sql_query>, print_the_context already registered for DAG: example_python_operator
[2023-04-01T21:07:13.190+0000] {logging_mixin.py:137} INFO - [2023-04-01T21:07:13.190+0000] {taskmixin.py:211} WARNING - Dependency <Task(_PythonDecoratedOperator): print_the_context>, log_sql_query already registered for DAG: example_python_operator
[2023-04-01T21:07:13.191+0000] {logging_mixin.py:137} INFO - [2023-04-01T21:07:13.190+0000] {taskmixin.py:211} WARNING - Dependency <Task(_PythonDecoratedOperator): log_sql_query>, print_the_context already registered for DAG: example_python_operator
[2023-04-01T21:07:13.192+0000] {logging_mixin.py:137} INFO - [2023-04-01T21:07:13.192+0000] {taskmixin.py:211} WARNING - Dependency <Task(_PythonDecoratedOperator): print_the_context>, log_sql_query already registered for DAG: example_python_operator
[2023-04-01T21:07:13.192+0000] {logging_mixin.py:137} INFO - [2023-04-01T21:07:13.192+0000] {taskmixin.py:211} WARNING - Dependency <Task(_PythonDecoratedOperator): log_sql_query>, print_the_context already registered for DAG: example_python_operator
[2023-04-01T21:07:13.194+0000] {logging_mixin.py:137} INFO - [2023-04-01T21:07:13.193+0000] {taskmixin.py:211} WARNING - Dependency <Task(_PythonDecoratedOperator): print_the_context>, log_sql_query already registered for DAG: example_python_operator
[2023-04-01T21:07:13.194+0000] {logging_mixin.py:137} INFO - [2023-04-01T21:07:13.194+0000] {taskmixin.py:211} WARNING - Dependency <Task(_PythonDecoratedOperator): log_sql_query>, print_the_context already registered for DAG: example_python_operator
[2023-04-01T21:07:13.209+0000] {processor.py:753} INFO - DAG(s) dict_keys(['example_python_operator']) retrieved from /home/airflow/.local/lib/python3.7/site-packages/airflow/example_dags/example_python_operator.py
[2023-04-01T21:07:13.277+0000] {logging_mixin.py:137} INFO - [2023-04-01T21:07:13.277+0000] {dag.py:2705} INFO - Sync 1 DAGs
[2023-04-01T21:07:13.332+0000] {logging_mixin.py:137} INFO - [2023-04-01T21:07:13.332+0000] {dag.py:3456} INFO - Setting next_dagrun for example_python_operator to None, run_after=None
[2023-04-01T21:07:13.368+0000] {processor.py:175} INFO - Processing /home/airflow/.local/lib/python3.7/site-packages/airflow/example_dags/example_python_operator.py took 0.229 seconds
[2023-04-01T21:07:43.729+0000] {processor.py:153} INFO - Started process (PID=227) to work on /home/airflow/.local/lib/python3.7/site-packages/airflow/example_dags/example_python_operator.py
[2023-04-01T21:07:43.730+0000] {processor.py:743} INFO - Processing file /home/airflow/.local/lib/python3.7/site-packages/airflow/example_dags/example_python_operator.py for tasks to queue
[2023-04-01T21:07:43.731+0000] {logging_mixin.py:137} INFO - [2023-04-01T21:07:43.731+0000] {dagbag.py:532} INFO - Filling up the DagBag from /home/airflow/.local/lib/python3.7/site-packages/airflow/example_dags/example_python_operator.py
[2023-04-01T21:07:43.770+0000] {logging_mixin.py:137} INFO - [2023-04-01T21:07:43.770+0000] {taskmixin.py:211} WARNING - Dependency <Task(_PythonDecoratedOperator): print_the_context>, log_sql_query already registered for DAG: example_python_operator
[2023-04-01T21:07:43.771+0000] {logging_mixin.py:137} INFO - [2023-04-01T21:07:43.771+0000] {taskmixin.py:211} WARNING - Dependency <Task(_PythonDecoratedOperator): log_sql_query>, print_the_context already registered for DAG: example_python_operator
[2023-04-01T21:07:43.772+0000] {logging_mixin.py:137} INFO - [2023-04-01T21:07:43.772+0000] {taskmixin.py:211} WARNING - Dependency <Task(_PythonDecoratedOperator): print_the_context>, log_sql_query already registered for DAG: example_python_operator
[2023-04-01T21:07:43.773+0000] {logging_mixin.py:137} INFO - [2023-04-01T21:07:43.772+0000] {taskmixin.py:211} WARNING - Dependency <Task(_PythonDecoratedOperator): log_sql_query>, print_the_context already registered for DAG: example_python_operator
[2023-04-01T21:07:43.774+0000] {logging_mixin.py:137} INFO - [2023-04-01T21:07:43.774+0000] {taskmixin.py:211} WARNING - Dependency <Task(_PythonDecoratedOperator): print_the_context>, log_sql_query already registered for DAG: example_python_operator
[2023-04-01T21:07:43.775+0000] {logging_mixin.py:137} INFO - [2023-04-01T21:07:43.774+0000] {taskmixin.py:211} WARNING - Dependency <Task(_PythonDecoratedOperator): log_sql_query>, print_the_context already registered for DAG: example_python_operator
[2023-04-01T21:07:43.776+0000] {logging_mixin.py:137} INFO - [2023-04-01T21:07:43.776+0000] {taskmixin.py:211} WARNING - Dependency <Task(_PythonDecoratedOperator): print_the_context>, log_sql_query already registered for DAG: example_python_operator
[2023-04-01T21:07:43.776+0000] {logging_mixin.py:137} INFO - [2023-04-01T21:07:43.776+0000] {taskmixin.py:211} WARNING - Dependency <Task(_PythonDecoratedOperator): log_sql_query>, print_the_context already registered for DAG: example_python_operator
[2023-04-01T21:07:43.793+0000] {processor.py:753} INFO - DAG(s) dict_keys(['example_python_operator']) retrieved from /home/airflow/.local/lib/python3.7/site-packages/airflow/example_dags/example_python_operator.py
[2023-04-01T21:07:43.860+0000] {logging_mixin.py:137} INFO - [2023-04-01T21:07:43.859+0000] {dag.py:2705} INFO - Sync 1 DAGs
[2023-04-01T21:07:43.917+0000] {logging_mixin.py:137} INFO - [2023-04-01T21:07:43.917+0000] {dag.py:3456} INFO - Setting next_dagrun for example_python_operator to None, run_after=None
[2023-04-01T21:07:43.975+0000] {processor.py:175} INFO - Processing /home/airflow/.local/lib/python3.7/site-packages/airflow/example_dags/example_python_operator.py took 0.254 seconds
