[2023-04-01T21:06:13.015+0000] {processor.py:153} INFO - Started process (PID=80) to work on /home/airflow/.local/lib/python3.7/site-packages/airflow/example_dags/example_bash_operator.py
[2023-04-01T21:06:13.017+0000] {processor.py:743} INFO - Processing file /home/airflow/.local/lib/python3.7/site-packages/airflow/example_dags/example_bash_operator.py for tasks to queue
[2023-04-01T21:06:13.018+0000] {logging_mixin.py:137} INFO - [2023-04-01T21:06:13.018+0000] {dagbag.py:532} INFO - Filling up the DagBag from /home/airflow/.local/lib/python3.7/site-packages/airflow/example_dags/example_bash_operator.py
[2023-04-01T21:06:13.165+0000] {processor.py:753} INFO - DAG(s) dict_keys(['example_bash_operator']) retrieved from /home/airflow/.local/lib/python3.7/site-packages/airflow/example_dags/example_bash_operator.py
[2023-04-01T21:06:13.308+0000] {logging_mixin.py:137} INFO - [2023-04-01T21:06:13.307+0000] {dag.py:2705} INFO - Sync 1 DAGs
[2023-04-01T21:06:13.403+0000] {logging_mixin.py:137} INFO - [2023-04-01T21:06:13.403+0000] {dag.py:3456} INFO - Setting next_dagrun for example_bash_operator to 2023-03-31T00:00:00+00:00, run_after=2023-04-01T00:00:00+00:00
[2023-04-01T21:06:13.503+0000] {processor.py:175} INFO - Processing /home/airflow/.local/lib/python3.7/site-packages/airflow/example_dags/example_bash_operator.py took 0.495 seconds
[2023-04-01T21:06:44.387+0000] {processor.py:153} INFO - Started process (PID=130) to work on /home/airflow/.local/lib/python3.7/site-packages/airflow/example_dags/example_bash_operator.py
[2023-04-01T21:06:44.389+0000] {processor.py:743} INFO - Processing file /home/airflow/.local/lib/python3.7/site-packages/airflow/example_dags/example_bash_operator.py for tasks to queue
[2023-04-01T21:06:44.390+0000] {logging_mixin.py:137} INFO - [2023-04-01T21:06:44.390+0000] {dagbag.py:532} INFO - Filling up the DagBag from /home/airflow/.local/lib/python3.7/site-packages/airflow/example_dags/example_bash_operator.py
[2023-04-01T21:06:44.453+0000] {processor.py:753} INFO - DAG(s) dict_keys(['example_bash_operator']) retrieved from /home/airflow/.local/lib/python3.7/site-packages/airflow/example_dags/example_bash_operator.py
[2023-04-01T21:06:44.546+0000] {logging_mixin.py:137} INFO - [2023-04-01T21:06:44.545+0000] {dag.py:2705} INFO - Sync 1 DAGs
[2023-04-01T21:06:44.607+0000] {logging_mixin.py:137} INFO - [2023-04-01T21:06:44.606+0000] {dag.py:3456} INFO - Setting next_dagrun for example_bash_operator to 2023-03-31T00:00:00+00:00, run_after=2023-04-01T00:00:00+00:00
[2023-04-01T21:06:44.644+0000] {processor.py:175} INFO - Processing /home/airflow/.local/lib/python3.7/site-packages/airflow/example_dags/example_bash_operator.py took 0.265 seconds
[2023-04-01T21:07:14.954+0000] {processor.py:153} INFO - Started process (PID=182) to work on /home/airflow/.local/lib/python3.7/site-packages/airflow/example_dags/example_bash_operator.py
[2023-04-01T21:07:14.956+0000] {processor.py:743} INFO - Processing file /home/airflow/.local/lib/python3.7/site-packages/airflow/example_dags/example_bash_operator.py for tasks to queue
[2023-04-01T21:07:14.958+0000] {logging_mixin.py:137} INFO - [2023-04-01T21:07:14.958+0000] {dagbag.py:532} INFO - Filling up the DagBag from /home/airflow/.local/lib/python3.7/site-packages/airflow/example_dags/example_bash_operator.py
[2023-04-01T21:07:15.009+0000] {processor.py:753} INFO - DAG(s) dict_keys(['example_bash_operator']) retrieved from /home/airflow/.local/lib/python3.7/site-packages/airflow/example_dags/example_bash_operator.py
[2023-04-01T21:07:15.117+0000] {logging_mixin.py:137} INFO - [2023-04-01T21:07:15.117+0000] {dag.py:2705} INFO - Sync 1 DAGs
[2023-04-01T21:07:15.175+0000] {logging_mixin.py:137} INFO - [2023-04-01T21:07:15.175+0000] {dag.py:3456} INFO - Setting next_dagrun for example_bash_operator to 2023-03-31T00:00:00+00:00, run_after=2023-04-01T00:00:00+00:00
[2023-04-01T21:07:15.210+0000] {processor.py:175} INFO - Processing /home/airflow/.local/lib/python3.7/site-packages/airflow/example_dags/example_bash_operator.py took 0.263 seconds
[2023-04-01T21:07:45.654+0000] {processor.py:153} INFO - Started process (PID=233) to work on /home/airflow/.local/lib/python3.7/site-packages/airflow/example_dags/example_bash_operator.py
[2023-04-01T21:07:45.656+0000] {processor.py:743} INFO - Processing file /home/airflow/.local/lib/python3.7/site-packages/airflow/example_dags/example_bash_operator.py for tasks to queue
[2023-04-01T21:07:45.658+0000] {logging_mixin.py:137} INFO - [2023-04-01T21:07:45.657+0000] {dagbag.py:532} INFO - Filling up the DagBag from /home/airflow/.local/lib/python3.7/site-packages/airflow/example_dags/example_bash_operator.py
[2023-04-01T21:07:45.713+0000] {processor.py:753} INFO - DAG(s) dict_keys(['example_bash_operator']) retrieved from /home/airflow/.local/lib/python3.7/site-packages/airflow/example_dags/example_bash_operator.py
[2023-04-01T21:07:45.808+0000] {logging_mixin.py:137} INFO - [2023-04-01T21:07:45.808+0000] {dag.py:2705} INFO - Sync 1 DAGs
[2023-04-01T21:07:45.890+0000] {logging_mixin.py:137} INFO - [2023-04-01T21:07:45.889+0000] {dag.py:3456} INFO - Setting next_dagrun for example_bash_operator to 2023-03-31T00:00:00+00:00, run_after=2023-04-01T00:00:00+00:00
[2023-04-01T21:07:45.968+0000] {processor.py:175} INFO - Processing /home/airflow/.local/lib/python3.7/site-packages/airflow/example_dags/example_bash_operator.py took 0.331 seconds
