[2023-04-01T21:06:13.581+0000] {processor.py:153} INFO - Started process (PID=82) to work on /home/airflow/.local/lib/python3.7/site-packages/airflow/example_dags/tutorial.py
[2023-04-01T21:06:13.592+0000] {processor.py:743} INFO - Processing file /home/airflow/.local/lib/python3.7/site-packages/airflow/example_dags/tutorial.py for tasks to queue
[2023-04-01T21:06:13.594+0000] {logging_mixin.py:137} INFO - [2023-04-01T21:06:13.594+0000] {dagbag.py:532} INFO - Filling up the DagBag from /home/airflow/.local/lib/python3.7/site-packages/airflow/example_dags/tutorial.py
[2023-04-01T21:06:13.657+0000] {processor.py:753} INFO - DAG(s) dict_keys(['tutorial']) retrieved from /home/airflow/.local/lib/python3.7/site-packages/airflow/example_dags/tutorial.py
[2023-04-01T21:06:13.714+0000] {logging_mixin.py:137} INFO - [2023-04-01T21:06:13.713+0000] {dag.py:2705} INFO - Sync 1 DAGs
[2023-04-01T21:06:13.771+0000] {logging_mixin.py:137} INFO - [2023-04-01T21:06:13.771+0000] {dag.py:3456} INFO - Setting next_dagrun for tutorial to 2023-03-31T21:06:13.771159+00:00, run_after=2023-04-01T21:06:13.771159+00:00
[2023-04-01T21:06:13.809+0000] {processor.py:175} INFO - Processing /home/airflow/.local/lib/python3.7/site-packages/airflow/example_dags/tutorial.py took 0.235 seconds
[2023-04-01T21:06:44.645+0000] {processor.py:153} INFO - Started process (PID=132) to work on /home/airflow/.local/lib/python3.7/site-packages/airflow/example_dags/tutorial.py
[2023-04-01T21:06:44.649+0000] {processor.py:743} INFO - Processing file /home/airflow/.local/lib/python3.7/site-packages/airflow/example_dags/tutorial.py for tasks to queue
[2023-04-01T21:06:44.650+0000] {logging_mixin.py:137} INFO - [2023-04-01T21:06:44.650+0000] {dagbag.py:532} INFO - Filling up the DagBag from /home/airflow/.local/lib/python3.7/site-packages/airflow/example_dags/tutorial.py
[2023-04-01T21:06:44.679+0000] {processor.py:753} INFO - DAG(s) dict_keys(['tutorial']) retrieved from /home/airflow/.local/lib/python3.7/site-packages/airflow/example_dags/tutorial.py
[2023-04-01T21:06:44.732+0000] {logging_mixin.py:137} INFO - [2023-04-01T21:06:44.731+0000] {dag.py:2705} INFO - Sync 1 DAGs
[2023-04-01T21:06:44.789+0000] {logging_mixin.py:137} INFO - [2023-04-01T21:06:44.789+0000] {dag.py:3456} INFO - Setting next_dagrun for tutorial to 2023-03-31T21:06:44.788889+00:00, run_after=2023-04-01T21:06:44.788889+00:00
[2023-04-01T21:06:44.827+0000] {processor.py:175} INFO - Processing /home/airflow/.local/lib/python3.7/site-packages/airflow/example_dags/tutorial.py took 0.189 seconds
[2023-04-01T21:07:15.221+0000] {processor.py:153} INFO - Started process (PID=184) to work on /home/airflow/.local/lib/python3.7/site-packages/airflow/example_dags/tutorial.py
[2023-04-01T21:07:15.223+0000] {processor.py:743} INFO - Processing file /home/airflow/.local/lib/python3.7/site-packages/airflow/example_dags/tutorial.py for tasks to queue
[2023-04-01T21:07:15.224+0000] {logging_mixin.py:137} INFO - [2023-04-01T21:07:15.224+0000] {dagbag.py:532} INFO - Filling up the DagBag from /home/airflow/.local/lib/python3.7/site-packages/airflow/example_dags/tutorial.py
[2023-04-01T21:07:15.252+0000] {processor.py:753} INFO - DAG(s) dict_keys(['tutorial']) retrieved from /home/airflow/.local/lib/python3.7/site-packages/airflow/example_dags/tutorial.py
[2023-04-01T21:07:15.304+0000] {logging_mixin.py:137} INFO - [2023-04-01T21:07:15.303+0000] {dag.py:2705} INFO - Sync 1 DAGs
[2023-04-01T21:07:15.358+0000] {logging_mixin.py:137} INFO - [2023-04-01T21:07:15.358+0000] {dag.py:3456} INFO - Setting next_dagrun for tutorial to 2023-03-31T21:07:15.357799+00:00, run_after=2023-04-01T21:07:15.357799+00:00
[2023-04-01T21:07:15.412+0000] {processor.py:175} INFO - Processing /home/airflow/.local/lib/python3.7/site-packages/airflow/example_dags/tutorial.py took 0.199 seconds
[2023-04-01T21:07:45.963+0000] {processor.py:153} INFO - Started process (PID=235) to work on /home/airflow/.local/lib/python3.7/site-packages/airflow/example_dags/tutorial.py
[2023-04-01T21:07:45.965+0000] {processor.py:743} INFO - Processing file /home/airflow/.local/lib/python3.7/site-packages/airflow/example_dags/tutorial.py for tasks to queue
[2023-04-01T21:07:45.967+0000] {logging_mixin.py:137} INFO - [2023-04-01T21:07:45.967+0000] {dagbag.py:532} INFO - Filling up the DagBag from /home/airflow/.local/lib/python3.7/site-packages/airflow/example_dags/tutorial.py
[2023-04-01T21:07:46.002+0000] {processor.py:753} INFO - DAG(s) dict_keys(['tutorial']) retrieved from /home/airflow/.local/lib/python3.7/site-packages/airflow/example_dags/tutorial.py
[2023-04-01T21:07:46.063+0000] {logging_mixin.py:137} INFO - [2023-04-01T21:07:46.063+0000] {dag.py:2705} INFO - Sync 1 DAGs
[2023-04-01T21:07:46.128+0000] {logging_mixin.py:137} INFO - [2023-04-01T21:07:46.127+0000] {dag.py:3456} INFO - Setting next_dagrun for tutorial to 2023-03-31T21:07:46.127341+00:00, run_after=2023-04-01T21:07:46.127341+00:00
[2023-04-01T21:07:46.170+0000] {processor.py:175} INFO - Processing /home/airflow/.local/lib/python3.7/site-packages/airflow/example_dags/tutorial.py took 0.216 seconds
