[2023-04-01T21:06:01.963+0000] {processor.py:153} INFO - Started process (PID=52) to work on /home/airflow/.local/lib/python3.7/site-packages/airflow/example_dags/tutorial_dag.py
[2023-04-01T21:06:01.965+0000] {processor.py:743} INFO - Processing file /home/airflow/.local/lib/python3.7/site-packages/airflow/example_dags/tutorial_dag.py for tasks to queue
[2023-04-01T21:06:01.966+0000] {logging_mixin.py:137} INFO - [2023-04-01T21:06:01.966+0000] {dagbag.py:532} INFO - Filling up the DagBag from /home/airflow/.local/lib/python3.7/site-packages/airflow/example_dags/tutorial_dag.py
[2023-04-01T21:06:02.132+0000] {processor.py:753} INFO - DAG(s) dict_keys(['tutorial_dag']) retrieved from /home/airflow/.local/lib/python3.7/site-packages/airflow/example_dags/tutorial_dag.py
[2023-04-01T21:06:02.394+0000] {logging_mixin.py:137} INFO - [2023-04-01T21:06:02.393+0000] {dag.py:2705} INFO - Sync 1 DAGs
[2023-04-01T21:06:02.644+0000] {logging_mixin.py:137} INFO - [2023-04-01T21:06:02.643+0000] {dag.py:3456} INFO - Setting next_dagrun for tutorial_dag to None, run_after=None
[2023-04-01T21:06:02.791+0000] {processor.py:175} INFO - Processing /home/airflow/.local/lib/python3.7/site-packages/airflow/example_dags/tutorial_dag.py took 0.875 seconds
[2023-04-01T21:06:33.012+0000] {processor.py:153} INFO - Started process (PID=102) to work on /home/airflow/.local/lib/python3.7/site-packages/airflow/example_dags/tutorial_dag.py
[2023-04-01T21:06:33.015+0000] {processor.py:743} INFO - Processing file /home/airflow/.local/lib/python3.7/site-packages/airflow/example_dags/tutorial_dag.py for tasks to queue
[2023-04-01T21:06:33.016+0000] {logging_mixin.py:137} INFO - [2023-04-01T21:06:33.016+0000] {dagbag.py:532} INFO - Filling up the DagBag from /home/airflow/.local/lib/python3.7/site-packages/airflow/example_dags/tutorial_dag.py
[2023-04-01T21:06:33.056+0000] {processor.py:753} INFO - DAG(s) dict_keys(['tutorial_dag']) retrieved from /home/airflow/.local/lib/python3.7/site-packages/airflow/example_dags/tutorial_dag.py
[2023-04-01T21:06:33.117+0000] {logging_mixin.py:137} INFO - [2023-04-01T21:06:33.117+0000] {dag.py:2705} INFO - Sync 1 DAGs
[2023-04-01T21:06:33.164+0000] {logging_mixin.py:137} INFO - [2023-04-01T21:06:33.164+0000] {dag.py:3456} INFO - Setting next_dagrun for tutorial_dag to None, run_after=None
[2023-04-01T21:06:33.202+0000] {processor.py:175} INFO - Processing /home/airflow/.local/lib/python3.7/site-packages/airflow/example_dags/tutorial_dag.py took 0.199 seconds
[2023-04-01T21:07:03.367+0000] {processor.py:153} INFO - Started process (PID=154) to work on /home/airflow/.local/lib/python3.7/site-packages/airflow/example_dags/tutorial_dag.py
[2023-04-01T21:07:03.376+0000] {processor.py:743} INFO - Processing file /home/airflow/.local/lib/python3.7/site-packages/airflow/example_dags/tutorial_dag.py for tasks to queue
[2023-04-01T21:07:03.378+0000] {logging_mixin.py:137} INFO - [2023-04-01T21:07:03.378+0000] {dagbag.py:532} INFO - Filling up the DagBag from /home/airflow/.local/lib/python3.7/site-packages/airflow/example_dags/tutorial_dag.py
[2023-04-01T21:07:03.424+0000] {processor.py:753} INFO - DAG(s) dict_keys(['tutorial_dag']) retrieved from /home/airflow/.local/lib/python3.7/site-packages/airflow/example_dags/tutorial_dag.py
[2023-04-01T21:07:03.480+0000] {logging_mixin.py:137} INFO - [2023-04-01T21:07:03.480+0000] {dag.py:2705} INFO - Sync 1 DAGs
[2023-04-01T21:07:03.519+0000] {logging_mixin.py:137} INFO - [2023-04-01T21:07:03.519+0000] {dag.py:3456} INFO - Setting next_dagrun for tutorial_dag to None, run_after=None
[2023-04-01T21:07:03.547+0000] {processor.py:175} INFO - Processing /home/airflow/.local/lib/python3.7/site-packages/airflow/example_dags/tutorial_dag.py took 0.187 seconds
[2023-04-01T21:07:34.014+0000] {processor.py:153} INFO - Started process (PID=205) to work on /home/airflow/.local/lib/python3.7/site-packages/airflow/example_dags/tutorial_dag.py
[2023-04-01T21:07:34.015+0000] {processor.py:743} INFO - Processing file /home/airflow/.local/lib/python3.7/site-packages/airflow/example_dags/tutorial_dag.py for tasks to queue
[2023-04-01T21:07:34.016+0000] {logging_mixin.py:137} INFO - [2023-04-01T21:07:34.016+0000] {dagbag.py:532} INFO - Filling up the DagBag from /home/airflow/.local/lib/python3.7/site-packages/airflow/example_dags/tutorial_dag.py
[2023-04-01T21:07:34.044+0000] {processor.py:753} INFO - DAG(s) dict_keys(['tutorial_dag']) retrieved from /home/airflow/.local/lib/python3.7/site-packages/airflow/example_dags/tutorial_dag.py
[2023-04-01T21:07:34.087+0000] {logging_mixin.py:137} INFO - [2023-04-01T21:07:34.087+0000] {dag.py:2705} INFO - Sync 1 DAGs
[2023-04-01T21:07:34.126+0000] {logging_mixin.py:137} INFO - [2023-04-01T21:07:34.125+0000] {dag.py:3456} INFO - Setting next_dagrun for tutorial_dag to None, run_after=None
[2023-04-01T21:07:34.153+0000] {processor.py:175} INFO - Processing /home/airflow/.local/lib/python3.7/site-packages/airflow/example_dags/tutorial_dag.py took 0.147 seconds
