[2023-04-01T21:06:05.021+0000] {processor.py:153} INFO - Started process (PID=59) to work on /home/airflow/.local/lib/python3.7/site-packages/airflow/example_dags/tutorial_taskflow_api_virtualenv.py
[2023-04-01T21:06:05.030+0000] {processor.py:743} INFO - Processing file /home/airflow/.local/lib/python3.7/site-packages/airflow/example_dags/tutorial_taskflow_api_virtualenv.py for tasks to queue
[2023-04-01T21:06:05.032+0000] {logging_mixin.py:137} INFO - [2023-04-01T21:06:05.031+0000] {dagbag.py:532} INFO - Filling up the DagBag from /home/airflow/.local/lib/python3.7/site-packages/airflow/example_dags/tutorial_taskflow_api_virtualenv.py
[2023-04-01T21:06:05.142+0000] {processor.py:753} INFO - DAG(s) dict_keys(['tutorial_taskflow_api_virtualenv']) retrieved from /home/airflow/.local/lib/python3.7/site-packages/airflow/example_dags/tutorial_taskflow_api_virtualenv.py
[2023-04-01T21:06:05.388+0000] {logging_mixin.py:137} INFO - [2023-04-01T21:06:05.388+0000] {dag.py:2705} INFO - Sync 1 DAGs
[2023-04-01T21:06:05.552+0000] {logging_mixin.py:137} INFO - [2023-04-01T21:06:05.552+0000] {dag.py:3456} INFO - Setting next_dagrun for tutorial_taskflow_api_virtualenv to None, run_after=None
[2023-04-01T21:06:05.705+0000] {processor.py:175} INFO - Processing /home/airflow/.local/lib/python3.7/site-packages/airflow/example_dags/tutorial_taskflow_api_virtualenv.py took 0.703 seconds
[2023-04-01T21:06:35.858+0000] {processor.py:153} INFO - Started process (PID=109) to work on /home/airflow/.local/lib/python3.7/site-packages/airflow/example_dags/tutorial_taskflow_api_virtualenv.py
[2023-04-01T21:06:35.860+0000] {processor.py:743} INFO - Processing file /home/airflow/.local/lib/python3.7/site-packages/airflow/example_dags/tutorial_taskflow_api_virtualenv.py for tasks to queue
[2023-04-01T21:06:35.861+0000] {logging_mixin.py:137} INFO - [2023-04-01T21:06:35.861+0000] {dagbag.py:532} INFO - Filling up the DagBag from /home/airflow/.local/lib/python3.7/site-packages/airflow/example_dags/tutorial_taskflow_api_virtualenv.py
[2023-04-01T21:06:35.897+0000] {processor.py:753} INFO - DAG(s) dict_keys(['tutorial_taskflow_api_virtualenv']) retrieved from /home/airflow/.local/lib/python3.7/site-packages/airflow/example_dags/tutorial_taskflow_api_virtualenv.py
[2023-04-01T21:06:35.939+0000] {logging_mixin.py:137} INFO - [2023-04-01T21:06:35.939+0000] {dag.py:2705} INFO - Sync 1 DAGs
[2023-04-01T21:06:35.983+0000] {logging_mixin.py:137} INFO - [2023-04-01T21:06:35.983+0000] {dag.py:3456} INFO - Setting next_dagrun for tutorial_taskflow_api_virtualenv to None, run_after=None
[2023-04-01T21:06:36.018+0000] {processor.py:175} INFO - Processing /home/airflow/.local/lib/python3.7/site-packages/airflow/example_dags/tutorial_taskflow_api_virtualenv.py took 0.166 seconds
[2023-04-01T21:07:06.261+0000] {processor.py:153} INFO - Started process (PID=161) to work on /home/airflow/.local/lib/python3.7/site-packages/airflow/example_dags/tutorial_taskflow_api_virtualenv.py
[2023-04-01T21:07:06.263+0000] {processor.py:743} INFO - Processing file /home/airflow/.local/lib/python3.7/site-packages/airflow/example_dags/tutorial_taskflow_api_virtualenv.py for tasks to queue
[2023-04-01T21:07:06.264+0000] {logging_mixin.py:137} INFO - [2023-04-01T21:07:06.264+0000] {dagbag.py:532} INFO - Filling up the DagBag from /home/airflow/.local/lib/python3.7/site-packages/airflow/example_dags/tutorial_taskflow_api_virtualenv.py
[2023-04-01T21:07:06.298+0000] {processor.py:753} INFO - DAG(s) dict_keys(['tutorial_taskflow_api_virtualenv']) retrieved from /home/airflow/.local/lib/python3.7/site-packages/airflow/example_dags/tutorial_taskflow_api_virtualenv.py
[2023-04-01T21:07:06.339+0000] {logging_mixin.py:137} INFO - [2023-04-01T21:07:06.339+0000] {dag.py:2705} INFO - Sync 1 DAGs
[2023-04-01T21:07:06.390+0000] {logging_mixin.py:137} INFO - [2023-04-01T21:07:06.389+0000] {dag.py:3456} INFO - Setting next_dagrun for tutorial_taskflow_api_virtualenv to None, run_after=None
[2023-04-01T21:07:06.417+0000] {processor.py:175} INFO - Processing /home/airflow/.local/lib/python3.7/site-packages/airflow/example_dags/tutorial_taskflow_api_virtualenv.py took 0.161 seconds
[2023-04-01T21:07:36.629+0000] {processor.py:153} INFO - Started process (PID=212) to work on /home/airflow/.local/lib/python3.7/site-packages/airflow/example_dags/tutorial_taskflow_api_virtualenv.py
[2023-04-01T21:07:36.631+0000] {processor.py:743} INFO - Processing file /home/airflow/.local/lib/python3.7/site-packages/airflow/example_dags/tutorial_taskflow_api_virtualenv.py for tasks to queue
[2023-04-01T21:07:36.632+0000] {logging_mixin.py:137} INFO - [2023-04-01T21:07:36.632+0000] {dagbag.py:532} INFO - Filling up the DagBag from /home/airflow/.local/lib/python3.7/site-packages/airflow/example_dags/tutorial_taskflow_api_virtualenv.py
[2023-04-01T21:07:36.681+0000] {processor.py:753} INFO - DAG(s) dict_keys(['tutorial_taskflow_api_virtualenv']) retrieved from /home/airflow/.local/lib/python3.7/site-packages/airflow/example_dags/tutorial_taskflow_api_virtualenv.py
[2023-04-01T21:07:36.734+0000] {logging_mixin.py:137} INFO - [2023-04-01T21:07:36.733+0000] {dag.py:2705} INFO - Sync 1 DAGs
[2023-04-01T21:07:36.801+0000] {logging_mixin.py:137} INFO - [2023-04-01T21:07:36.800+0000] {dag.py:3456} INFO - Setting next_dagrun for tutorial_taskflow_api_virtualenv to None, run_after=None
[2023-04-01T21:07:36.843+0000] {processor.py:175} INFO - Processing /home/airflow/.local/lib/python3.7/site-packages/airflow/example_dags/tutorial_taskflow_api_virtualenv.py took 0.222 seconds
